RunnerSettings(num_particles=48, num_neighbours=48, iterations=1200, dimensions=10, local=False, velocity_clamp=(-5, 5), optimizer_options={})
FEATURE EVALUATION CONFIG
========
averageAmount: 250
maxDropRem: 2
numGames: 500
numLines: 230
seed: 800
startingLevel: 19
startingLines: 130
========
MoveEvaluatorGroup used: AugmentedBottomLoc

iteration,time_taken,train_score,eval_score,vector
1,33.502,421048.000,0.000,[0.7843133830756405 0.5254072233222574 0.15392691584181695 0.8228367026603288 0.008355230465347807 0.8869406737250831 0.10549443117980362 0.6920585761781671 0.42196532398424014 0.1730237269228967]
2,33.150,421048.000,0.000,[0.7843133830756405 0.5254072233222574 0.15392691584181695 0.8228367026603288 0.008355230465347807 0.8869406737250831 0.10549443117980362 0.6920585761781671 0.42196532398424014 0.1730237269228967]
3,33.195,421134.000,0.000,[0.9089101747967683 -0.3966993603981077 -1.6262824442026451 -4.054360675005645 -0.5169238469376597 4.509475211631799 -2.7027156119996025 0.7205208288042817 0.6227515657626463 7.206855624632277]
4,33.344,421744.000,0.000,[-0.9097489166165058 5.11689303315486 -2.815267278592286 -6.404017646395186 -0.49933321968876276 2.8140058641405736 -5.0457043977472695 -0.08462557845341778 -2.9687625024983655 3.9052351006661197]
5,33.262,421744.000,0.000,[-0.9097489166165058 5.11689303315486 -2.815267278592286 -6.404017646395186 -0.49933321968876276 2.8140058641405736 -5.0457043977472695 -0.08462557845341778 -2.9687625024983655 3.9052351006661197]
6,33.167,423622.000,0.000,[2.951332540693167 3.4781902149932833 -4.67379721448689 2.2299269788396074 -0.7633753372456602 -0.04485423583373471 -2.9345682992457958 -0.5076634966970507 -6.912728778390665 0.025947448665656125]
7,33.250,423622.000,0.000,[2.951332540693167 3.4781902149932833 -4.67379721448689 2.2299269788396074 -0.7633753372456602 -0.04485423583373471 -2.9345682992457958 -0.5076634966970507 -6.912728778390665 0.025947448665656125]
8,33.336,423622.000,0.000,[2.951332540693167 3.4781902149932833 -4.67379721448689 2.2299269788396074 -0.7633753372456602 -0.04485423583373471 -2.9345682992457958 -0.5076634966970507 -6.912728778390665 0.025947448665656125]
9,33.309,423622.000,0.000,[2.951332540693167 3.4781902149932833 -4.67379721448689 2.2299269788396074 -0.7633753372456602 -0.04485423583373471 -2.9345682992457958 -0.5076634966970507 -6.912728778390665 0.025947448665656125]
10,33.342,423622.000,0.000,[2.951332540693167 3.4781902149932833 -4.67379721448689 2.2299269788396074 -0.7633753372456602 -0.04485423583373471 -2.9345682992457958 -0.5076634966970507 -6.912728778390665 0.025947448665656125]
11,33.382,423622.000,0.000,[2.951332540693167 3.4781902149932833 -4.67379721448689 2.2299269788396074 -0.7633753372456602 -0.04485423583373471 -2.9345682992457958 -0.5076634966970507 -6.912728778390665 0.025947448665656125]
12,33.277,423622.000,0.000,[2.951332540693167 3.4781902149932833 -4.67379721448689 2.2299269788396074 -0.7633753372456602 -0.04485423583373471 -2.9345682992457958 -0.5076634966970507 -6.912728778390665 0.025947448665656125]
13,33.263,423622.000,0.000,[2.951332540693167 3.4781902149932833 -4.67379721448689 2.2299269788396074 -0.7633753372456602 -0.04485423583373471 -2.9345682992457958 -0.5076634966970507 -6.912728778390665 0.025947448665656125]
14,33.452,423622.000,0.000,[2.951332540693167 3.4781902149932833 -4.67379721448689 2.2299269788396074 -0.7633753372456602 -0.04485423583373471 -2.9345682992457958 -0.5076634966970507 -6.912728778390665 0.025947448665656125]
15,33.425,423622.000,0.000,[2.951332540693167 3.4781902149932833 -4.67379721448689 2.2299269788396074 -0.7633753372456602 -0.04485423583373471 -2.9345682992457958 -0.5076634966970507 -6.912728778390665 0.025947448665656125]
16,33.313,423622.000,0.000,[2.951332540693167 3.4781902149932833 -4.67379721448689 2.2299269788396074 -0.7633753372456602 -0.04485423583373471 -2.9345682992457958 -0.5076634966970507 -6.912728778390665 0.025947448665656125]
17,33.689,423622.000,0.000,[2.951332540693167 3.4781902149932833 -4.67379721448689 2.2299269788396074 -0.7633753372456602 -0.04485423583373471 -2.9345682992457958 -0.5076634966970507 -6.912728778390665 0.025947448665656125]
18,33.465,423622.000,0.000,[2.951332540693167 3.4781902149932833 -4.67379721448689 2.2299269788396074 -0.7633753372456602 -0.04485423583373471 -2.9345682992457958 -0.5076634966970507 -6.912728778390665 0.025947448665656125]
19,33.687,424210.000,0.000,[3.815645928569136 3.127017767903191 0.11909754403754391 1.7102568544297982 -1.8439453914311836 -3.0983571087548 -2.5109742128974575 -2.245133770561999 -2.2556915385600886 -0.02426348032638881]
20,33.360,424210.000,0.000,[3.815645928569136 3.127017767903191 0.11909754403754391 1.7102568544297982 -1.8439453914311836 -3.0983571087548 -2.5109742128974575 -2.245133770561999 -2.2556915385600886 -0.02426348032638881]
21,33.313,424210.000,0.000,[3.815645928569136 3.127017767903191 0.11909754403754391 1.7102568544297982 -1.8439453914311836 -3.0983571087548 -2.5109742128974575 -2.245133770561999 -2.2556915385600886 -0.02426348032638881]
22,33.398,424210.000,0.000,[3.815645928569136 3.127017767903191 0.11909754403754391 1.7102568544297982 -1.8439453914311836 -3.0983571087548 -2.5109742128974575 -2.245133770561999 -2.2556915385600886 -0.02426348032638881]
23,33.319,424210.000,0.000,[3.815645928569136 3.127017767903191 0.11909754403754391 1.7102568544297982 -1.8439453914311836 -3.0983571087548 -2.5109742128974575 -2.245133770561999 -2.2556915385600886 -0.02426348032638881]
24,33.204,424210.000,0.000,[3.815645928569136 3.127017767903191 0.11909754403754391 1.7102568544297982 -1.8439453914311836 -3.0983571087548 -2.5109742128974575 -2.245133770561999 -2.2556915385600886 -0.02426348032638881]
25,33.377,424210.000,0.000,[3.815645928569136 3.127017767903191 0.11909754403754391 1.7102568544297982 -1.8439453914311836 -3.0983571087548 -2.5109742128974575 -2.245133770561999 -2.2556915385600886 -0.02426348032638881]
26,33.476,424210.000,0.000,[3.815645928569136 3.127017767903191 0.11909754403754391 1.7102568544297982 -1.8439453914311836 -3.0983571087548 -2.5109742128974575 -2.245133770561999 -2.2556915385600886 -0.02426348032638881]
27,33.318,424210.000,0.000,[3.815645928569136 3.127017767903191 0.11909754403754391 1.7102568544297982 -1.8439453914311836 -3.0983571087548 -2.5109742128974575 -2.245133770561999 -2.2556915385600886 -0.02426348032638881]
28,33.330,424210.000,0.000,[3.815645928569136 3.127017767903191 0.11909754403754391 1.7102568544297982 -1.8439453914311836 -3.0983571087548 -2.5109742128974575 -2.245133770561999 -2.2556915385600886 -0.02426348032638881]
29,33.293,424210.000,0.000,[3.815645928569136 3.127017767903191 0.11909754403754391 1.7102568544297982 -1.8439453914311836 -3.0983571087548 -2.5109742128974575 -2.245133770561999 -2.2556915385600886 -0.02426348032638881]
30,33.277,424210.000,0.000,[3.815645928569136 3.127017767903191 0.11909754403754391 1.7102568544297982 -1.8439453914311836 -3.0983571087548 -2.5109742128974575 -2.245133770561999 -2.2556915385600886 -0.02426348032638881]
31,33.294,424210.000,0.000,[3.815645928569136 3.127017767903191 0.11909754403754391 1.7102568544297982 -1.8439453914311836 -3.0983571087548 -2.5109742128974575 -2.245133770561999 -2.2556915385600886 -0.02426348032638881]
32,33.393,424210.000,0.000,[3.815645928569136 3.127017767903191 0.11909754403754391 1.7102568544297982 -1.8439453914311836 -3.0983571087548 -2.5109742128974575 -2.245133770561999 -2.2556915385600886 -0.02426348032638881]
33,33.408,424210.000,0.000,[3.815645928569136 3.127017767903191 0.11909754403754391 1.7102568544297982 -1.8439453914311836 -3.0983571087548 -2.5109742128974575 -2.245133770561999 -2.2556915385600886 -0.02426348032638881]
34,33.347,424210.000,0.000,[3.815645928569136 3.127017767903191 0.11909754403754391 1.7102568544297982 -1.8439453914311836 -3.0983571087548 -2.5109742128974575 -2.245133770561999 -2.2556915385600886 -0.02426348032638881]
35,33.321,424210.000,0.000,[3.815645928569136 3.127017767903191 0.11909754403754391 1.7102568544297982 -1.8439453914311836 -3.0983571087548 -2.5109742128974575 -2.245133770561999 -2.2556915385600886 -0.02426348032638881]
36,33.384,424210.000,0.000,[3.815645928569136 3.127017767903191 0.11909754403754391 1.7102568544297982 -1.8439453914311836 -3.0983571087548 -2.5109742128974575 -2.245133770561999 -2.2556915385600886 -0.02426348032638881]
37,33.448,424210.000,0.000,[3.815645928569136 3.127017767903191 0.11909754403754391 1.7102568544297982 -1.8439453914311836 -3.0983571087548 -2.5109742128974575 -2.245133770561999 -2.2556915385600886 -0.02426348032638881]
38,33.682,424210.000,0.000,[3.815645928569136 3.127017767903191 0.11909754403754391 1.7102568544297982 -1.8439453914311836 -3.0983571087548 -2.5109742128974575 -2.245133770561999 -2.2556915385600886 -0.02426348032638881]
39,33.231,424210.000,0.000,[3.815645928569136 3.127017767903191 0.11909754403754391 1.7102568544297982 -1.8439453914311836 -3.0983571087548 -2.5109742128974575 -2.245133770561999 -2.2556915385600886 -0.02426348032638881]
40,33.301,424210.000,0.000,[3.815645928569136 3.127017767903191 0.11909754403754391 1.7102568544297982 -1.8439453914311836 -3.0983571087548 -2.5109742128974575 -2.245133770561999 -2.2556915385600886 -0.02426348032638881]
41,33.406,424210.000,0.000,[3.815645928569136 3.127017767903191 0.11909754403754391 1.7102568544297982 -1.8439453914311836 -3.0983571087548 -2.5109742128974575 -2.245133770561999 -2.2556915385600886 -0.02426348032638881]
42,33.402,424210.000,0.000,[3.815645928569136 3.127017767903191 0.11909754403754391 1.7102568544297982 -1.8439453914311836 -3.0983571087548 -2.5109742128974575 -2.245133770561999 -2.2556915385600886 -0.02426348032638881]
43,33.451,424210.000,0.000,[3.815645928569136 3.127017767903191 0.11909754403754391 1.7102568544297982 -1.8439453914311836 -3.0983571087548 -2.5109742128974575 -2.245133770561999 -2.2556915385600886 -0.02426348032638881]
44,33.420,424210.000,0.000,[3.815645928569136 3.127017767903191 0.11909754403754391 1.7102568544297982 -1.8439453914311836 -3.0983571087548 -2.5109742128974575 -2.245133770561999 -2.2556915385600886 -0.02426348032638881]
45,33.316,424210.000,0.000,[3.815645928569136 3.127017767903191 0.11909754403754391 1.7102568544297982 -1.8439453914311836 -3.0983571087548 -2.5109742128974575 -2.245133770561999 -2.2556915385600886 -0.02426348032638881]
46,33.348,424210.000,0.000,[3.815645928569136 3.127017767903191 0.11909754403754391 1.7102568544297982 -1.8439453914311836 -3.0983571087548 -2.5109742128974575 -2.245133770561999 -2.2556915385600886 -0.02426348032638881]
47,33.271,424210.000,0.000,[3.815645928569136 3.127017767903191 0.11909754403754391 1.7102568544297982 -1.8439453914311836 -3.0983571087548 -2.5109742128974575 -2.245133770561999 -2.2556915385600886 -0.02426348032638881]
48,33.462,424210.000,0.000,[3.815645928569136 3.127017767903191 0.11909754403754391 1.7102568544297982 -1.8439453914311836 -3.0983571087548 -2.5109742128974575 -2.245133770561999 -2.2556915385600886 -0.02426348032638881]
49,33.288,424210.000,0.000,[3.815645928569136 3.127017767903191 0.11909754403754391 1.7102568544297982 -1.8439453914311836 -3.0983571087548 -2.5109742128974575 -2.245133770561999 -2.2556915385600886 -0.02426348032638881]
50,33.329,424210.000,0.000,[3.815645928569136 3.127017767903191 0.11909754403754391 1.7102568544297982 -1.8439453914311836 -3.0983571087548 -2.5109742128974575 -2.245133770561999 -2.2556915385600886 -0.02426348032638881]
51,33.257,424210.000,0.000,[3.815645928569136 3.127017767903191 0.11909754403754391 1.7102568544297982 -1.8439453914311836 -3.0983571087548 -2.5109742128974575 -2.245133770561999 -2.2556915385600886 -0.02426348032638881]
52,33.342,424210.000,0.000,[3.815645928569136 3.127017767903191 0.11909754403754391 1.7102568544297982 -1.8439453914311836 -3.0983571087548 -2.5109742128974575 -2.245133770561999 -2.2556915385600886 -0.02426348032638881]
53,33.291,424210.000,0.000,[3.815645928569136 3.127017767903191 0.11909754403754391 1.7102568544297982 -1.8439453914311836 -3.0983571087548 -2.5109742128974575 -2.245133770561999 -2.2556915385600886 -0.02426348032638881]
54,33.323,424210.000,0.000,[3.815645928569136 3.127017767903191 0.11909754403754391 1.7102568544297982 -1.8439453914311836 -3.0983571087548 -2.5109742128974575 -2.245133770561999 -2.2556915385600886 -0.02426348032638881]
55,33.357,424210.000,0.000,[3.815645928569136 3.127017767903191 0.11909754403754391 1.7102568544297982 -1.8439453914311836 -3.0983571087548 -2.5109742128974575 -2.245133770561999 -2.2556915385600886 -0.02426348032638881]
