2019-10-20 00:18:59,116 - pyswarms.single.global_best - INFO - Optimize for 1000 iters with {'c1': 0.5, 'c2': 0.3, 'w': 0.9}
2019-10-20 00:19:05,676 - pyswarms.single.global_best - INFO - Optimize for 1000 iters with {'c1': 0.5, 'c2': 0.3, 'w': 0.9}
2019-10-20 00:19:08,245 - pyswarms.single.global_best - INFO - Optimization finished | best cost: 0.0, best pos: [1.88759526 2.6484743  1.11266578 0.05503238 2.10755233 3.89932295
 2.02956535 0.90048113 1.52263452 1.93530911 4.88496902 1.1896672
 1.32549758 0.9066583  2.84419314 1.19978224 2.36855996]
2019-10-20 00:19:19,029 - pyswarms.single.global_best - INFO - Optimize for 1000 iters with {'c1': 0.5, 'c2': 0.3, 'w': 0.9}
2019-10-20 00:19:21,370 - pyswarms.single.global_best - INFO - Optimization finished | best cost: 0.0, best pos: [2.42595673 0.13072572 7.64740009 7.9600632  7.10602876 3.12427575
 3.66466439 7.75011821 4.4441124  5.48336471 2.82921915 0.97721726
 4.1294156  1.8556522  3.9131609  1.68459046 5.90990007]
2019-10-20 00:27:45,254 - pyswarms.single.global_best - INFO - Optimize for 1000 iters with {'c1': 0.5, 'c2': 0.3, 'w': 0.9}
2019-10-20 00:28:09,215 - pyswarms.single.global_best - INFO - Optimize for 1000 iters with {'c1': 0.5, 'c2': 0.3, 'w': 0.9}
2019-10-20 00:28:32,048 - pyswarms.single.global_best - INFO - Optimize for 1000 iters with {'c1': 0.5, 'c2': 0.3, 'w': 0.9}
2019-10-20 00:28:39,042 - pyswarms.single.global_best - INFO - Optimize for 1000 iters with {'c1': 0.5, 'c2': 0.3, 'w': 0.9}
2019-10-20 00:28:49,860 - pyswarms.single.global_best - INFO - Optimize for 1000 iters with {'c1': 0.5, 'c2': 0.3, 'w': 0.9}
2019-10-20 00:29:14,425 - pyswarms.single.global_best - INFO - Optimize for 1000 iters with {'c1': 0.5, 'c2': 0.3, 'w': 0.9}
2019-10-20 00:30:37,029 - pyswarms.single.global_best - INFO - Optimize for 1000 iters with {'c1': 0.5, 'c2': 0.3, 'w': 0.9}
2019-10-20 00:34:33,556 - pyswarms.single.global_best - INFO - Optimize for 1000 iters with {'c1': 0.5, 'c2': 0.3, 'w': 0.9}
2019-11-02 18:15:45,591 - pyswarms.single.global_best - INFO - Optimize for 6900 iters with {'c1': 2.5, 'c2': 2.5, 'w': 0.92}
2019-11-02 18:17:12,938 - pyswarms.single.global_best - INFO - Optimize for 6900 iters with {'c1': 2.5, 'c2': 2.5, 'w': 0.92}
2019-11-02 18:17:30,304 - pyswarms.single.global_best - INFO - Optimize for 6900 iters with {'c1': 2.5, 'c2': 2.5, 'w': 0.92}
2019-11-02 18:17:49,575 - pyswarms.single.global_best - INFO - Optimize for 6900 iters with {'c1': 2.5, 'c2': 2.5, 'w': 0.92}
2019-11-02 18:18:39,033 - tetrisai - INFO - new glob best! 255445.00000000
2019-11-02 18:18:39,034 - tetrisai - INFO - [0.58951779 0.11377505 0.83579475 0.13357302 0.02513943 0.73571414
 0.84805041 0.2181998  0.92787482 0.09683832 0.04855291 0.36702376
 0.66905842 0.4724195  0.61555563 0.69353761 0.68479711]
2019-11-02 18:18:42,008 - tetrisai - INFO - new glob best! 255770.00000000
2019-11-02 18:18:42,008 - tetrisai - INFO - [0.93254405 0.58956705 0.89865779 0.70247522 0.7028142  0.91442507
 0.86927865 0.45455415 0.38574999 0.32097444 0.04546389 0.4110212
 0.60184089 0.61375905 0.3304716  0.94461316 0.58474732]
2019-11-02 18:21:46,797 - pyswarms.single.global_best - INFO - Optimize for 6900 iters with {'c1': 2.5, 'c2': 2.5, 'w': 0.92}
2019-11-02 18:22:33,161 - pyswarms.single.global_best - INFO - Optimize for 6900 iters with {'c1': 2.5, 'c2': 2.5, 'w': 0.92}
2019-11-02 18:23:01,350 - tetrisai - INFO - HI
2019-11-02 18:23:01,412 - pyswarms.single.global_best - INFO - Optimize for 6900 iters with {'c1': 2.5, 'c2': 2.5, 'w': 0.92}
2019-11-02 18:23:22,320 - tetrisai - INFO - HI
2019-11-02 18:23:22,325 - pyswarms.single.global_best - INFO - Optimize for 6900 iters with {'c1': 2.5, 'c2': 2.5, 'w': 0.92}
2019-11-02 18:23:36,282 - tetrisai - INFO - iteration,time_taken,train_score,eval_score,vector
2019-11-02 18:23:36,289 - pyswarms.single.global_best - INFO - Optimize for 6900 iters with {'c1': 2.5, 'c2': 2.5, 'w': 0.92}
2019-11-02 18:24:30,470 - tetrisai - INFO - new glob best! 224261.00000000
2019-11-02 18:24:30,471 - tetrisai - INFO - [0.09159278 0.55831509 0.80822264 0.07730147 0.11757282 0.38635007
 0.57714691 0.41807299 0.07030944 0.07764107 0.298016   0.80717592
 0.30943558 0.60599414 0.23925632 0.65989301 0.82265293]
2019-11-02 18:24:45,989 - tetrisai - INFO - new glob best! 248555.00000000
2019-11-02 18:24:45,989 - tetrisai - INFO - [0.64688877 0.74875001 0.90476618 0.59245803 0.10105508 0.86712993
 0.84495467 0.21401395 0.04335148 0.22506522 0.6992902  0.44423954
 0.17093804 0.26210896 0.55612645 0.75255583 0.7165445 ]
2019-11-02 18:25:04,107 - tetrisai - INFO - iteration,time_taken,train_score,eval_score,vector
2019-11-02 18:25:04,111 - tetrisai - INFO - RunnerSettings(num_particles=2, num_neighbours=100, iterations=6900, local=False, velocity_clamp=(-5, 5), optimizer_options={'c1': 2.5, 'c2': 2.5, 'w': 0.92})
2019-11-02 18:25:04,111 - pyswarms.single.global_best - INFO - Optimize for 6900 iters with {'c1': 2.5, 'c2': 2.5, 'w': 0.92}
2019-11-02 18:25:24,510 - tetrisai - INFO - new glob best! 54893.30000000
2019-11-02 18:25:24,510 - tetrisai - INFO - [0.9733613  0.87961571 0.04642164 0.31637087 0.19678681 0.00137408
 0.03241785 0.4636006  0.94779659 0.14478039 0.8654544  0.70398519
 0.47407366 0.98743523 0.85262334 0.67530346 0.37945774]
2019-11-02 18:25:37,779 - tetrisai - INFO - RunnerSettings(num_particles=2, num_neighbours=100, iterations=6900, local=False, velocity_clamp=(-5, 5), optimizer_options={'c1': 2.5, 'c2': 2.5, 'w': 0.92})
2019-11-02 18:25:37,780 - pyswarms.single.global_best - INFO - Optimize for 6900 iters with {'c1': 2.5, 'c2': 2.5, 'w': 0.92}
2019-11-02 18:26:30,365 - tetrisai - INFO - new glob best! 245775.00000000
2019-11-02 18:26:30,367 - tetrisai - INFO - [0.21069789 0.96900306 0.38523897 0.6704833  0.73603407 0.61915813
 0.72534695 0.49342077 0.02605483 0.33335156 0.276111   0.13688252
 0.68098365 0.43390541 0.98257499 0.56185259 0.09311189]
2019-11-02 18:26:39,614 - tetrisai - INFO - new glob best! 246827.00000000
2019-11-02 18:26:39,614 - tetrisai - INFO - [0.40538434 0.51323501 0.31344903 0.69264648 0.86939271 0.46881371
 0.28996752 0.34393316 0.70213127 0.82282097 0.33617173 0.33846006
 0.62797748 0.24616839 0.04152789 0.07487491 0.86107095]
2019-11-02 18:26:39,616 - tetrisai - INFO - iteration,time_taken,train_score,eval_score,vector
2019-11-02 18:27:15,163 - performance_logger - INFO - RunnerSettings(num_particles=2, num_neighbours=100, iterations=6900, local=False, velocity_clamp=(-5, 5), optimizer_options={'c1': 2.5, 'c2': 2.5, 'w': 0.92})
2019-11-02 18:27:15,164 - pyswarms.single.global_best - INFO - Optimize for 6900 iters with {'c1': 2.5, 'c2': 2.5, 'w': 0.92}
2019-11-02 18:27:34,405 - performance_logger - INFO - RunnerSettings(num_particles=2, num_neighbours=100, iterations=6900, local=False, velocity_clamp=(-5, 5), optimizer_options={'c1': 2.5, 'c2': 2.5, 'w': 0.92})
2019-11-02 18:27:34,406 - pyswarms.single.global_best - INFO - Optimize for 6900 iters with {'c1': 2.5, 'c2': 2.5, 'w': 0.92}
2019-11-02 18:27:34,413 - tetrisai - INFO - new glob best! 0.50000000
2019-11-02 18:27:34,413 - tetrisai - INFO - [0.04207141 0.48372896 0.58959064 0.04908126 0.1456144  0.22528293
 0.25162365 0.64950074 0.63010658 0.30028911 0.51513892 0.47987727
 0.4554247  0.14216591 0.93492377 0.37599627 0.31035546]
2019-11-02 18:27:34,415 - performance_logger - INFO - iteration,time_taken,train_score,eval_score,vector
2019-11-02 18:27:34,416 - performance_logger - INFO - 1,0.013,0.500,0.500,[0.04207141 0.48372896 0.58959064 0.04908126 0.1456144  0.22528293
 0.25162365 0.64950074 0.63010658 0.30028911 0.51513892 0.47987727
 0.4554247  0.14216591 0.93492377 0.37599627 0.31035546]
2019-11-02 18:27:34,421 - performance_logger - INFO - 2,0.019,0.500,0.500,[0.04207141 0.48372896 0.58959064 0.04908126 0.1456144  0.22528293
 0.25162365 0.64950074 0.63010658 0.30028911 0.51513892 0.47987727
 0.4554247  0.14216591 0.93492377 0.37599627 0.31035546]
2019-11-02 18:27:34,424 - performance_logger - INFO - 3,0.021,0.500,0.500,[0.04207141 0.48372896 0.58959064 0.04908126 0.1456144  0.22528293
 0.25162365 0.64950074 0.63010658 0.30028911 0.51513892 0.47987727
 0.4554247  0.14216591 0.93492377 0.37599627 0.31035546]
2019-11-02 18:27:34,427 - performance_logger - INFO - 4,0.024,0.500,0.500,[0.04207141 0.48372896 0.58959064 0.04908126 0.1456144  0.22528293
 0.25162365 0.64950074 0.63010658 0.30028911 0.51513892 0.47987727
 0.4554247  0.14216591 0.93492377 0.37599627 0.31035546]
2019-11-02 18:27:34,430 - performance_logger - INFO - 5,0.027,0.500,0.500,[0.04207141 0.48372896 0.58959064 0.04908126 0.1456144  0.22528293
 0.25162365 0.64950074 0.63010658 0.30028911 0.51513892 0.47987727
 0.4554247  0.14216591 0.93492377 0.37599627 0.31035546]
2019-11-02 18:27:34,432 - performance_logger - INFO - 6,0.030,0.500,0.500,[0.04207141 0.48372896 0.58959064 0.04908126 0.1456144  0.22528293
 0.25162365 0.64950074 0.63010658 0.30028911 0.51513892 0.47987727
 0.4554247  0.14216591 0.93492377 0.37599627 0.31035546]
2019-11-02 18:27:34,476 - performance_logger - INFO - 7,0.073,0.500,0.500,[0.04207141 0.48372896 0.58959064 0.04908126 0.1456144  0.22528293
 0.25162365 0.64950074 0.63010658 0.30028911 0.51513892 0.47987727
 0.4554247  0.14216591 0.93492377 0.37599627 0.31035546]
2019-11-02 18:27:34,480 - performance_logger - INFO - 8,0.076,0.500,0.500,[0.04207141 0.48372896 0.58959064 0.04908126 0.1456144  0.22528293
 0.25162365 0.64950074 0.63010658 0.30028911 0.51513892 0.47987727
 0.4554247  0.14216591 0.93492377 0.37599627 0.31035546]
2019-11-02 18:27:34,485 - performance_logger - INFO - 9,0.082,0.500,0.500,[0.04207141 0.48372896 0.58959064 0.04908126 0.1456144  0.22528293
 0.25162365 0.64950074 0.63010658 0.30028911 0.51513892 0.47987727
 0.4554247  0.14216591 0.93492377 0.37599627 0.31035546]
2019-11-02 18:27:34,491 - performance_logger - INFO - 10,0.087,0.500,0.500,[0.04207141 0.48372896 0.58959064 0.04908126 0.1456144  0.22528293
 0.25162365 0.64950074 0.63010658 0.30028911 0.51513892 0.47987727
 0.4554247  0.14216591 0.93492377 0.37599627 0.31035546]
2019-11-02 18:27:34,497 - performance_logger - INFO - 11,0.093,0.500,0.500,[0.04207141 0.48372896 0.58959064 0.04908126 0.1456144  0.22528293
 0.25162365 0.64950074 0.63010658 0.30028911 0.51513892 0.47987727
 0.4554247  0.14216591 0.93492377 0.37599627 0.31035546]
2019-11-02 18:27:34,501 - performance_logger - INFO - 12,0.098,0.500,0.500,[0.04207141 0.48372896 0.58959064 0.04908126 0.1456144  0.22528293
 0.25162365 0.64950074 0.63010658 0.30028911 0.51513892 0.47987727
 0.4554247  0.14216591 0.93492377 0.37599627 0.31035546]
2019-11-02 18:27:34,504 - performance_logger - INFO - 13,0.101,0.500,0.500,[0.04207141 0.48372896 0.58959064 0.04908126 0.1456144  0.22528293
 0.25162365 0.64950074 0.63010658 0.30028911 0.51513892 0.47987727
 0.4554247  0.14216591 0.93492377 0.37599627 0.31035546]
2019-11-02 18:27:34,549 - performance_logger - INFO - 14,0.147,0.500,0.500,[0.04207141 0.48372896 0.58959064 0.04908126 0.1456144  0.22528293
 0.25162365 0.64950074 0.63010658 0.30028911 0.51513892 0.47987727
 0.4554247  0.14216591 0.93492377 0.37599627 0.31035546]
2019-11-02 18:27:34,551 - performance_logger - INFO - 15,0.149,0.500,0.500,[0.04207141 0.48372896 0.58959064 0.04908126 0.1456144  0.22528293
 0.25162365 0.64950074 0.63010658 0.30028911 0.51513892 0.47987727
 0.4554247  0.14216591 0.93492377 0.37599627 0.31035546]
2019-11-02 18:27:34,554 - performance_logger - INFO - 16,0.152,0.500,0.500,[0.04207141 0.48372896 0.58959064 0.04908126 0.1456144  0.22528293
 0.25162365 0.64950074 0.63010658 0.30028911 0.51513892 0.47987727
 0.4554247  0.14216591 0.93492377 0.37599627 0.31035546]
2019-11-02 18:27:34,556 - performance_logger - INFO - 17,0.154,0.500,0.500,[0.04207141 0.48372896 0.58959064 0.04908126 0.1456144  0.22528293
 0.25162365 0.64950074 0.63010658 0.30028911 0.51513892 0.47987727
 0.4554247  0.14216591 0.93492377 0.37599627 0.31035546]
2019-11-02 18:27:34,559 - performance_logger - INFO - 18,0.156,0.500,0.500,[0.04207141 0.48372896 0.58959064 0.04908126 0.1456144  0.22528293
 0.25162365 0.64950074 0.63010658 0.30028911 0.51513892 0.47987727
 0.4554247  0.14216591 0.93492377 0.37599627 0.31035546]
2019-11-02 18:27:34,568 - performance_logger - INFO - 19,0.161,0.500,0.500,[0.04207141 0.48372896 0.58959064 0.04908126 0.1456144  0.22528293
 0.25162365 0.64950074 0.63010658 0.30028911 0.51513892 0.47987727
 0.4554247  0.14216591 0.93492377 0.37599627 0.31035546]
2019-11-02 18:27:34,580 - performance_logger - INFO - 20,0.177,0.500,0.500,[0.04207141 0.48372896 0.58959064 0.04908126 0.1456144  0.22528293
 0.25162365 0.64950074 0.63010658 0.30028911 0.51513892 0.47987727
 0.4554247  0.14216591 0.93492377 0.37599627 0.31035546]
2019-11-02 18:27:34,583 - performance_logger - INFO - 21,0.181,0.500,0.500,[0.04207141 0.48372896 0.58959064 0.04908126 0.1456144  0.22528293
 0.25162365 0.64950074 0.63010658 0.30028911 0.51513892 0.47987727
 0.4554247  0.14216591 0.93492377 0.37599627 0.31035546]
2019-11-02 18:27:34,585 - performance_logger - INFO - 22,0.183,0.500,0.500,[0.04207141 0.48372896 0.58959064 0.04908126 0.1456144  0.22528293
 0.25162365 0.64950074 0.63010658 0.30028911 0.51513892 0.47987727
 0.4554247  0.14216591 0.93492377 0.37599627 0.31035546]
2019-11-02 18:27:34,587 - performance_logger - INFO - 23,0.185,0.500,0.500,[0.04207141 0.48372896 0.58959064 0.04908126 0.1456144  0.22528293
 0.25162365 0.64950074 0.63010658 0.30028911 0.51513892 0.47987727
 0.4554247  0.14216591 0.93492377 0.37599627 0.31035546]
2019-11-02 18:27:34,628 - performance_logger - INFO - 24,0.226,0.500,0.500,[0.04207141 0.48372896 0.58959064 0.04908126 0.1456144  0.22528293
 0.25162365 0.64950074 0.63010658 0.30028911 0.51513892 0.47987727
 0.4554247  0.14216591 0.93492377 0.37599627 0.31035546]
2019-11-02 18:27:34,631 - performance_logger - INFO - 25,0.228,0.500,0.500,[0.04207141 0.48372896 0.58959064 0.04908126 0.1456144  0.22528293
 0.25162365 0.64950074 0.63010658 0.30028911 0.51513892 0.47987727
 0.4554247  0.14216591 0.93492377 0.37599627 0.31035546]
2019-11-02 18:27:34,633 - performance_logger - INFO - 26,0.231,0.500,0.500,[0.04207141 0.48372896 0.58959064 0.04908126 0.1456144  0.22528293
 0.25162365 0.64950074 0.63010658 0.30028911 0.51513892 0.47987727
 0.4554247  0.14216591 0.93492377 0.37599627 0.31035546]
2019-11-02 18:27:34,635 - performance_logger - INFO - 27,0.233,0.500,0.500,[0.04207141 0.48372896 0.58959064 0.04908126 0.1456144  0.22528293
 0.25162365 0.64950074 0.63010658 0.30028911 0.51513892 0.47987727
 0.4554247  0.14216591 0.93492377 0.37599627 0.31035546]
2019-11-02 18:27:34,637 - performance_logger - INFO - 28,0.235,0.500,0.500,[0.04207141 0.48372896 0.58959064 0.04908126 0.1456144  0.22528293
 0.25162365 0.64950074 0.63010658 0.30028911 0.51513892 0.47987727
 0.4554247  0.14216591 0.93492377 0.37599627 0.31035546]
2019-11-02 18:27:34,639 - performance_logger - INFO - 29,0.237,0.500,0.500,[0.04207141 0.48372896 0.58959064 0.04908126 0.1456144  0.22528293
 0.25162365 0.64950074 0.63010658 0.30028911 0.51513892 0.47987727
 0.4554247  0.14216591 0.93492377 0.37599627 0.31035546]
2019-11-02 18:27:34,641 - performance_logger - INFO - 30,0.239,0.500,0.500,[0.04207141 0.48372896 0.58959064 0.04908126 0.1456144  0.22528293
 0.25162365 0.64950074 0.63010658 0.30028911 0.51513892 0.47987727
 0.4554247  0.14216591 0.93492377 0.37599627 0.31035546]
2019-11-02 18:27:34,652 - performance_logger - INFO - 31,0.243,0.500,0.500,[0.04207141 0.48372896 0.58959064 0.04908126 0.1456144  0.22528293
 0.25162365 0.64950074 0.63010658 0.30028911 0.51513892 0.47987727
 0.4554247  0.14216591 0.93492377 0.37599627 0.31035546]
2019-11-02 18:27:34,664 - performance_logger - INFO - 32,0.254,0.500,0.500,[0.04207141 0.48372896 0.58959064 0.04908126 0.1456144  0.22528293
 0.25162365 0.64950074 0.63010658 0.30028911 0.51513892 0.47987727
 0.4554247  0.14216591 0.93492377 0.37599627 0.31035546]
2019-11-02 18:27:34,667 - performance_logger - INFO - 33,0.264,0.500,0.500,[0.04207141 0.48372896 0.58959064 0.04908126 0.1456144  0.22528293
 0.25162365 0.64950074 0.63010658 0.30028911 0.51513892 0.47987727
 0.4554247  0.14216591 0.93492377 0.37599627 0.31035546]
2019-11-02 18:27:34,683 - performance_logger - INFO - 34,0.280,0.500,0.500,[0.04207141 0.48372896 0.58959064 0.04908126 0.1456144  0.22528293
 0.25162365 0.64950074 0.63010658 0.30028911 0.51513892 0.47987727
 0.4554247  0.14216591 0.93492377 0.37599627 0.31035546]
2019-11-02 18:27:34,686 - performance_logger - INFO - 35,0.283,0.500,0.500,[0.04207141 0.48372896 0.58959064 0.04908126 0.1456144  0.22528293
 0.25162365 0.64950074 0.63010658 0.30028911 0.51513892 0.47987727
 0.4554247  0.14216591 0.93492377 0.37599627 0.31035546]
2019-11-02 18:27:34,689 - performance_logger - INFO - 36,0.286,0.500,0.500,[0.04207141 0.48372896 0.58959064 0.04908126 0.1456144  0.22528293
 0.25162365 0.64950074 0.63010658 0.30028911 0.51513892 0.47987727
 0.4554247  0.14216591 0.93492377 0.37599627 0.31035546]
2019-11-02 18:27:34,692 - performance_logger - INFO - 37,0.289,0.500,0.500,[0.04207141 0.48372896 0.58959064 0.04908126 0.1456144  0.22528293
 0.25162365 0.64950074 0.63010658 0.30028911 0.51513892 0.47987727
 0.4554247  0.14216591 0.93492377 0.37599627 0.31035546]
2019-11-02 18:27:34,718 - performance_logger - INFO - 38,0.315,0.500,0.500,[0.04207141 0.48372896 0.58959064 0.04908126 0.1456144  0.22528293
 0.25162365 0.64950074 0.63010658 0.30028911 0.51513892 0.47987727
 0.4554247  0.14216591 0.93492377 0.37599627 0.31035546]
2019-11-02 18:27:34,720 - performance_logger - INFO - 39,0.317,0.500,0.500,[0.04207141 0.48372896 0.58959064 0.04908126 0.1456144  0.22528293
 0.25162365 0.64950074 0.63010658 0.30028911 0.51513892 0.47987727
 0.4554247  0.14216591 0.93492377 0.37599627 0.31035546]
2019-11-02 18:27:34,722 - performance_logger - INFO - 40,0.319,0.500,0.500,[0.04207141 0.48372896 0.58959064 0.04908126 0.1456144  0.22528293
 0.25162365 0.64950074 0.63010658 0.30028911 0.51513892 0.47987727
 0.4554247  0.14216591 0.93492377 0.37599627 0.31035546]
2019-11-02 18:27:34,724 - performance_logger - INFO - 41,0.321,0.500,0.500,[0.04207141 0.48372896 0.58959064 0.04908126 0.1456144  0.22528293
 0.25162365 0.64950074 0.63010658 0.30028911 0.51513892 0.47987727
 0.4554247  0.14216591 0.93492377 0.37599627 0.31035546]
2019-11-02 18:27:34,727 - performance_logger - INFO - 42,0.324,0.500,0.500,[0.04207141 0.48372896 0.58959064 0.04908126 0.1456144  0.22528293
 0.25162365 0.64950074 0.63010658 0.30028911 0.51513892 0.47987727
 0.4554247  0.14216591 0.93492377 0.37599627 0.31035546]
2019-11-02 18:27:34,736 - performance_logger - INFO - 43,0.332,0.500,0.500,[0.04207141 0.48372896 0.58959064 0.04908126 0.1456144  0.22528293
 0.25162365 0.64950074 0.63010658 0.30028911 0.51513892 0.47987727
 0.4554247  0.14216591 0.93492377 0.37599627 0.31035546]
2019-11-02 18:27:34,743 - performance_logger - INFO - 44,0.339,0.500,0.500,[0.04207141 0.48372896 0.58959064 0.04908126 0.1456144  0.22528293
 0.25162365 0.64950074 0.63010658 0.30028911 0.51513892 0.47987727
 0.4554247  0.14216591 0.93492377 0.37599627 0.31035546]
2019-11-02 18:27:34,746 - performance_logger - INFO - 45,0.343,0.500,0.500,[0.04207141 0.48372896 0.58959064 0.04908126 0.1456144  0.22528293
 0.25162365 0.64950074 0.63010658 0.30028911 0.51513892 0.47987727
 0.4554247  0.14216591 0.93492377 0.37599627 0.31035546]
2019-11-02 18:27:34,788 - performance_logger - INFO - 46,0.385,0.500,0.500,[0.04207141 0.48372896 0.58959064 0.04908126 0.1456144  0.22528293
 0.25162365 0.64950074 0.63010658 0.30028911 0.51513892 0.47987727
 0.4554247  0.14216591 0.93492377 0.37599627 0.31035546]
2019-11-02 18:27:34,790 - performance_logger - INFO - 47,0.388,0.500,0.500,[0.04207141 0.48372896 0.58959064 0.04908126 0.1456144  0.22528293
 0.25162365 0.64950074 0.63010658 0.30028911 0.51513892 0.47987727
 0.4554247  0.14216591 0.93492377 0.37599627 0.31035546]
2019-11-02 18:27:34,796 - performance_logger - INFO - 48,0.390,0.500,0.500,[0.04207141 0.48372896 0.58959064 0.04908126 0.1456144  0.22528293
 0.25162365 0.64950074 0.63010658 0.30028911 0.51513892 0.47987727
 0.4554247  0.14216591 0.93492377 0.37599627 0.31035546]
2019-11-02 18:27:34,803 - performance_logger - INFO - 49,0.399,0.500,0.500,[0.04207141 0.48372896 0.58959064 0.04908126 0.1456144  0.22528293
 0.25162365 0.64950074 0.63010658 0.30028911 0.51513892 0.47987727
 0.4554247  0.14216591 0.93492377 0.37599627 0.31035546]
2019-11-02 18:27:34,809 - performance_logger - INFO - 50,0.406,0.500,0.500,[0.04207141 0.48372896 0.58959064 0.04908126 0.1456144  0.22528293
 0.25162365 0.64950074 0.63010658 0.30028911 0.51513892 0.47987727
 0.4554247  0.14216591 0.93492377 0.37599627 0.31035546]
2019-11-02 18:27:34,811 - performance_logger - INFO - 51,0.409,0.500,0.500,[0.04207141 0.48372896 0.58959064 0.04908126 0.1456144  0.22528293
 0.25162365 0.64950074 0.63010658 0.30028911 0.51513892 0.47987727
 0.4554247  0.14216591 0.93492377 0.37599627 0.31035546]
2019-11-02 18:27:34,815 - performance_logger - INFO - 52,0.412,0.500,0.500,[0.04207141 0.48372896 0.58959064 0.04908126 0.1456144  0.22528293
 0.25162365 0.64950074 0.63010658 0.30028911 0.51513892 0.47987727
 0.4554247  0.14216591 0.93492377 0.37599627 0.31035546]
2019-11-02 18:27:34,854 - performance_logger - INFO - 53,0.450,0.500,0.500,[0.04207141 0.48372896 0.58959064 0.04908126 0.1456144  0.22528293
 0.25162365 0.64950074 0.63010658 0.30028911 0.51513892 0.47987727
 0.4554247  0.14216591 0.93492377 0.37599627 0.31035546]
2019-11-02 18:27:34,857 - performance_logger - INFO - 54,0.454,0.500,0.500,[0.04207141 0.48372896 0.58959064 0.04908126 0.1456144  0.22528293
 0.25162365 0.64950074 0.63010658 0.30028911 0.51513892 0.47987727
 0.4554247  0.14216591 0.93492377 0.37599627 0.31035546]
2019-11-02 18:27:34,859 - performance_logger - INFO - 55,0.456,0.500,0.500,[0.04207141 0.48372896 0.58959064 0.04908126 0.1456144  0.22528293
 0.25162365 0.64950074 0.63010658 0.30028911 0.51513892 0.47987727
 0.4554247  0.14216591 0.93492377 0.37599627 0.31035546]
2019-11-02 18:27:34,867 - performance_logger - INFO - 56,0.462,0.500,0.500,[0.04207141 0.48372896 0.58959064 0.04908126 0.1456144  0.22528293
 0.25162365 0.64950074 0.63010658 0.30028911 0.51513892 0.47987727
 0.4554247  0.14216591 0.93492377 0.37599627 0.31035546]
2019-11-02 18:27:34,875 - performance_logger - INFO - 57,0.469,0.500,0.500,[0.04207141 0.48372896 0.58959064 0.04908126 0.1456144  0.22528293
 0.25162365 0.64950074 0.63010658 0.30028911 0.51513892 0.47987727
 0.4554247  0.14216591 0.93492377 0.37599627 0.31035546]
2019-11-02 18:27:34,878 - performance_logger - INFO - 58,0.475,0.500,0.500,[0.04207141 0.48372896 0.58959064 0.04908126 0.1456144  0.22528293
 0.25162365 0.64950074 0.63010658 0.30028911 0.51513892 0.47987727
 0.4554247  0.14216591 0.93492377 0.37599627 0.31035546]
2019-11-02 18:27:34,881 - performance_logger - INFO - 59,0.478,0.500,0.500,[0.04207141 0.48372896 0.58959064 0.04908126 0.1456144  0.22528293
 0.25162365 0.64950074 0.63010658 0.30028911 0.51513892 0.47987727
 0.4554247  0.14216591 0.93492377 0.37599627 0.31035546]
2019-11-02 18:27:34,920 - performance_logger - INFO - 60,0.518,0.500,0.500,[0.04207141 0.48372896 0.58959064 0.04908126 0.1456144  0.22528293
 0.25162365 0.64950074 0.63010658 0.30028911 0.51513892 0.47987727
 0.4554247  0.14216591 0.93492377 0.37599627 0.31035546]
2019-11-02 18:27:34,922 - performance_logger - INFO - 61,0.520,0.500,0.500,[0.04207141 0.48372896 0.58959064 0.04908126 0.1456144  0.22528293
 0.25162365 0.64950074 0.63010658 0.30028911 0.51513892 0.47987727
 0.4554247  0.14216591 0.93492377 0.37599627 0.31035546]
2019-11-02 18:27:34,925 - performance_logger - INFO - 62,0.522,0.500,0.500,[0.04207141 0.48372896 0.58959064 0.04908126 0.1456144  0.22528293
 0.25162365 0.64950074 0.63010658 0.30028911 0.51513892 0.47987727
 0.4554247  0.14216591 0.93492377 0.37599627 0.31035546]
2019-11-02 18:27:34,930 - performance_logger - INFO - 63,0.525,0.500,0.500,[0.04207141 0.48372896 0.58959064 0.04908126 0.1456144  0.22528293
 0.25162365 0.64950074 0.63010658 0.30028911 0.51513892 0.47987727
 0.4554247  0.14216591 0.93492377 0.37599627 0.31035546]
2019-11-02 18:27:34,939 - performance_logger - INFO - 64,0.534,0.500,0.500,[0.04207141 0.48372896 0.58959064 0.04908126 0.1456144  0.22528293
 0.25162365 0.64950074 0.63010658 0.30028911 0.51513892 0.47987727
 0.4554247  0.14216591 0.93492377 0.37599627 0.31035546]
2019-11-02 18:27:34,942 - performance_logger - INFO - 65,0.540,0.500,0.500,[0.04207141 0.48372896 0.58959064 0.04908126 0.1456144  0.22528293
 0.25162365 0.64950074 0.63010658 0.30028911 0.51513892 0.47987727
 0.4554247  0.14216591 0.93492377 0.37599627 0.31035546]
2019-11-02 18:27:34,945 - performance_logger - INFO - 66,0.542,0.500,0.500,[0.04207141 0.48372896 0.58959064 0.04908126 0.1456144  0.22528293
 0.25162365 0.64950074 0.63010658 0.30028911 0.51513892 0.47987727
 0.4554247  0.14216591 0.93492377 0.37599627 0.31035546]
2019-11-02 18:27:35,000 - performance_logger - INFO - 67,0.595,0.500,0.500,[0.04207141 0.48372896 0.58959064 0.04908126 0.1456144  0.22528293
 0.25162365 0.64950074 0.63010658 0.30028911 0.51513892 0.47987727
 0.4554247  0.14216591 0.93492377 0.37599627 0.31035546]
2019-11-02 18:27:35,010 - performance_logger - INFO - 68,0.605,0.500,0.500,[0.04207141 0.48372896 0.58959064 0.04908126 0.1456144  0.22528293
 0.25162365 0.64950074 0.63010658 0.30028911 0.51513892 0.47987727
 0.4554247  0.14216591 0.93492377 0.37599627 0.31035546]
2019-11-02 18:27:35,014 - performance_logger - INFO - 69,0.611,0.500,0.500,[0.04207141 0.48372896 0.58959064 0.04908126 0.1456144  0.22528293
 0.25162365 0.64950074 0.63010658 0.30028911 0.51513892 0.47987727
 0.4554247  0.14216591 0.93492377 0.37599627 0.31035546]
2019-11-02 18:27:35,059 - performance_logger - INFO - 70,0.656,0.500,0.500,[0.04207141 0.48372896 0.58959064 0.04908126 0.1456144  0.22528293
 0.25162365 0.64950074 0.63010658 0.30028911 0.51513892 0.47987727
 0.4554247  0.14216591 0.93492377 0.37599627 0.31035546]
2019-11-02 18:27:35,064 - performance_logger - INFO - 71,0.660,0.500,0.500,[0.04207141 0.48372896 0.58959064 0.04908126 0.1456144  0.22528293
 0.25162365 0.64950074 0.63010658 0.30028911 0.51513892 0.47987727
 0.4554247  0.14216591 0.93492377 0.37599627 0.31035546]
2019-11-02 18:27:35,068 - performance_logger - INFO - 72,0.665,0.500,0.500,[0.04207141 0.48372896 0.58959064 0.04908126 0.1456144  0.22528293
 0.25162365 0.64950074 0.63010658 0.30028911 0.51513892 0.47987727
 0.4554247  0.14216591 0.93492377 0.37599627 0.31035546]
2019-11-02 18:27:35,086 - performance_logger - INFO - 73,0.682,0.500,0.500,[0.04207141 0.48372896 0.58959064 0.04908126 0.1456144  0.22528293
 0.25162365 0.64950074 0.63010658 0.30028911 0.51513892 0.47987727
 0.4554247  0.14216591 0.93492377 0.37599627 0.31035546]
2019-11-02 18:27:35,090 - performance_logger - INFO - 74,0.687,0.500,0.500,[0.04207141 0.48372896 0.58959064 0.04908126 0.1456144  0.22528293
 0.25162365 0.64950074 0.63010658 0.30028911 0.51513892 0.47987727
 0.4554247  0.14216591 0.93492377 0.37599627 0.31035546]
2019-11-02 18:27:35,093 - performance_logger - INFO - 75,0.690,0.500,0.500,[0.04207141 0.48372896 0.58959064 0.04908126 0.1456144  0.22528293
 0.25162365 0.64950074 0.63010658 0.30028911 0.51513892 0.47987727
 0.4554247  0.14216591 0.93492377 0.37599627 0.31035546]
2019-11-02 18:27:35,097 - performance_logger - INFO - 76,0.694,0.500,0.500,[0.04207141 0.48372896 0.58959064 0.04908126 0.1456144  0.22528293
 0.25162365 0.64950074 0.63010658 0.30028911 0.51513892 0.47987727
 0.4554247  0.14216591 0.93492377 0.37599627 0.31035546]
2019-11-02 18:27:35,100 - performance_logger - INFO - 77,0.697,0.500,0.500,[0.04207141 0.48372896 0.58959064 0.04908126 0.1456144  0.22528293
 0.25162365 0.64950074 0.63010658 0.30028911 0.51513892 0.47987727
 0.4554247  0.14216591 0.93492377 0.37599627 0.31035546]
2019-11-02 18:27:35,104 - performance_logger - INFO - 78,0.701,0.500,0.500,[0.04207141 0.48372896 0.58959064 0.04908126 0.1456144  0.22528293
 0.25162365 0.64950074 0.63010658 0.30028911 0.51513892 0.47987727
 0.4554247  0.14216591 0.93492377 0.37599627 0.31035546]
2019-11-02 18:27:35,108 - performance_logger - INFO - 79,0.705,0.500,0.500,[0.04207141 0.48372896 0.58959064 0.04908126 0.1456144  0.22528293
 0.25162365 0.64950074 0.63010658 0.30028911 0.51513892 0.47987727
 0.4554247  0.14216591 0.93492377 0.37599627 0.31035546]
2019-11-02 18:27:35,163 - performance_logger - INFO - 80,0.760,0.500,0.500,[0.04207141 0.48372896 0.58959064 0.04908126 0.1456144  0.22528293
 0.25162365 0.64950074 0.63010658 0.30028911 0.51513892 0.47987727
 0.4554247  0.14216591 0.93492377 0.37599627 0.31035546]
2019-11-02 18:27:35,166 - performance_logger - INFO - 81,0.763,0.500,0.500,[0.04207141 0.48372896 0.58959064 0.04908126 0.1456144  0.22528293
 0.25162365 0.64950074 0.63010658 0.30028911 0.51513892 0.47987727
 0.4554247  0.14216591 0.93492377 0.37599627 0.31035546]
2019-11-02 18:27:35,169 - performance_logger - INFO - 82,0.766,0.500,0.500,[0.04207141 0.48372896 0.58959064 0.04908126 0.1456144  0.22528293
 0.25162365 0.64950074 0.63010658 0.30028911 0.51513892 0.47987727
 0.4554247  0.14216591 0.93492377 0.37599627 0.31035546]
2019-11-02 18:27:35,173 - performance_logger - INFO - 83,0.770,0.500,0.500,[0.04207141 0.48372896 0.58959064 0.04908126 0.1456144  0.22528293
 0.25162365 0.64950074 0.63010658 0.30028911 0.51513892 0.47987727
 0.4554247  0.14216591 0.93492377 0.37599627 0.31035546]
2019-11-02 18:27:35,176 - performance_logger - INFO - 84,0.773,0.500,0.500,[0.04207141 0.48372896 0.58959064 0.04908126 0.1456144  0.22528293
 0.25162365 0.64950074 0.63010658 0.30028911 0.51513892 0.47987727
 0.4554247  0.14216591 0.93492377 0.37599627 0.31035546]
2019-11-02 18:27:35,185 - performance_logger - INFO - 85,0.781,0.500,0.500,[0.04207141 0.48372896 0.58959064 0.04908126 0.1456144  0.22528293
 0.25162365 0.64950074 0.63010658 0.30028911 0.51513892 0.47987727
 0.4554247  0.14216591 0.93492377 0.37599627 0.31035546]
2019-11-02 18:27:35,190 - performance_logger - INFO - 86,0.787,0.500,0.500,[0.04207141 0.48372896 0.58959064 0.04908126 0.1456144  0.22528293
 0.25162365 0.64950074 0.63010658 0.30028911 0.51513892 0.47987727
 0.4554247  0.14216591 0.93492377 0.37599627 0.31035546]
2019-11-02 18:27:35,196 - performance_logger - INFO - 87,0.792,0.500,0.500,[0.04207141 0.48372896 0.58959064 0.04908126 0.1456144  0.22528293
 0.25162365 0.64950074 0.63010658 0.30028911 0.51513892 0.47987727
 0.4554247  0.14216591 0.93492377 0.37599627 0.31035546]
2019-11-02 18:27:35,200 - performance_logger - INFO - 88,0.796,0.500,0.500,[0.04207141 0.48372896 0.58959064 0.04908126 0.1456144  0.22528293
 0.25162365 0.64950074 0.63010658 0.30028911 0.51513892 0.47987727
 0.4554247  0.14216591 0.93492377 0.37599627 0.31035546]
2019-11-02 18:27:35,259 - performance_logger - INFO - 89,0.856,0.500,0.500,[0.04207141 0.48372896 0.58959064 0.04908126 0.1456144  0.22528293
 0.25162365 0.64950074 0.63010658 0.30028911 0.51513892 0.47987727
 0.4554247  0.14216591 0.93492377 0.37599627 0.31035546]
2019-11-02 18:27:35,265 - performance_logger - INFO - 90,0.859,0.500,0.500,[0.04207141 0.48372896 0.58959064 0.04908126 0.1456144  0.22528293
 0.25162365 0.64950074 0.63010658 0.30028911 0.51513892 0.47987727
 0.4554247  0.14216591 0.93492377 0.37599627 0.31035546]
2019-11-02 18:27:35,351 - performance_logger - INFO - 91,0.949,0.500,0.500,[0.04207141 0.48372896 0.58959064 0.04908126 0.1456144  0.22528293
 0.25162365 0.64950074 0.63010658 0.30028911 0.51513892 0.47987727
 0.4554247  0.14216591 0.93492377 0.37599627 0.31035546]
2019-11-02 18:27:35,354 - performance_logger - INFO - 92,0.951,0.500,0.500,[0.04207141 0.48372896 0.58959064 0.04908126 0.1456144  0.22528293
 0.25162365 0.64950074 0.63010658 0.30028911 0.51513892 0.47987727
 0.4554247  0.14216591 0.93492377 0.37599627 0.31035546]
2019-11-02 18:27:35,356 - performance_logger - INFO - 93,0.953,0.500,0.500,[0.04207141 0.48372896 0.58959064 0.04908126 0.1456144  0.22528293
 0.25162365 0.64950074 0.63010658 0.30028911 0.51513892 0.47987727
 0.4554247  0.14216591 0.93492377 0.37599627 0.31035546]
2019-11-02 18:27:35,358 - performance_logger - INFO - 94,0.956,0.500,0.500,[0.04207141 0.48372896 0.58959064 0.04908126 0.1456144  0.22528293
 0.25162365 0.64950074 0.63010658 0.30028911 0.51513892 0.47987727
 0.4554247  0.14216591 0.93492377 0.37599627 0.31035546]
2019-11-02 18:27:35,366 - performance_logger - INFO - 95,0.959,0.500,0.500,[0.04207141 0.48372896 0.58959064 0.04908126 0.1456144  0.22528293
 0.25162365 0.64950074 0.63010658 0.30028911 0.51513892 0.47987727
 0.4554247  0.14216591 0.93492377 0.37599627 0.31035546]
2019-11-02 18:27:35,375 - performance_logger - INFO - 96,0.969,0.500,0.500,[0.04207141 0.48372896 0.58959064 0.04908126 0.1456144  0.22528293
 0.25162365 0.64950074 0.63010658 0.30028911 0.51513892 0.47987727
 0.4554247  0.14216591 0.93492377 0.37599627 0.31035546]
2019-11-02 18:27:35,383 - performance_logger - INFO - 97,0.977,0.500,0.500,[0.04207141 0.48372896 0.58959064 0.04908126 0.1456144  0.22528293
 0.25162365 0.64950074 0.63010658 0.30028911 0.51513892 0.47987727
 0.4554247  0.14216591 0.93492377 0.37599627 0.31035546]
2019-11-02 18:27:35,391 - performance_logger - INFO - 98,0.987,0.500,0.500,[0.04207141 0.48372896 0.58959064 0.04908126 0.1456144  0.22528293
 0.25162365 0.64950074 0.63010658 0.30028911 0.51513892 0.47987727
 0.4554247  0.14216591 0.93492377 0.37599627 0.31035546]
2019-11-02 18:27:35,395 - performance_logger - INFO - 99,0.991,0.500,0.500,[0.04207141 0.48372896 0.58959064 0.04908126 0.1456144  0.22528293
 0.25162365 0.64950074 0.63010658 0.30028911 0.51513892 0.47987727
 0.4554247  0.14216591 0.93492377 0.37599627 0.31035546]
2019-11-02 18:27:35,449 - performance_logger - INFO - 100,1.047,0.500,0.500,[0.04207141 0.48372896 0.58959064 0.04908126 0.1456144  0.22528293
 0.25162365 0.64950074 0.63010658 0.30028911 0.51513892 0.47987727
 0.4554247  0.14216591 0.93492377 0.37599627 0.31035546]
2019-11-02 18:27:35,452 - performance_logger - INFO - 101,1.049,0.500,0.500,[0.04207141 0.48372896 0.58959064 0.04908126 0.1456144  0.22528293
 0.25162365 0.64950074 0.63010658 0.30028911 0.51513892 0.47987727
 0.4554247  0.14216591 0.93492377 0.37599627 0.31035546]
2019-11-02 18:27:35,454 - performance_logger - INFO - 102,1.052,0.500,0.500,[0.04207141 0.48372896 0.58959064 0.04908126 0.1456144  0.22528293
 0.25162365 0.64950074 0.63010658 0.30028911 0.51513892 0.47987727
 0.4554247  0.14216591 0.93492377 0.37599627 0.31035546]
2019-11-02 18:27:35,457 - performance_logger - INFO - 103,1.054,0.500,0.500,[0.04207141 0.48372896 0.58959064 0.04908126 0.1456144  0.22528293
 0.25162365 0.64950074 0.63010658 0.30028911 0.51513892 0.47987727
 0.4554247  0.14216591 0.93492377 0.37599627 0.31035546]
2019-11-02 18:27:35,459 - performance_logger - INFO - 104,1.056,0.500,0.500,[0.04207141 0.48372896 0.58959064 0.04908126 0.1456144  0.22528293
 0.25162365 0.64950074 0.63010658 0.30028911 0.51513892 0.47987727
 0.4554247  0.14216591 0.93492377 0.37599627 0.31035546]
2019-11-02 18:27:35,467 - performance_logger - INFO - 105,1.061,0.500,0.500,[0.04207141 0.48372896 0.58959064 0.04908126 0.1456144  0.22528293
 0.25162365 0.64950074 0.63010658 0.30028911 0.51513892 0.47987727
 0.4554247  0.14216591 0.93492377 0.37599627 0.31035546]
2019-11-02 18:27:35,479 - performance_logger - INFO - 106,1.075,0.500,0.500,[0.04207141 0.48372896 0.58959064 0.04908126 0.1456144  0.22528293
 0.25162365 0.64950074 0.63010658 0.30028911 0.51513892 0.47987727
 0.4554247  0.14216591 0.93492377 0.37599627 0.31035546]
2019-11-02 18:27:35,482 - performance_logger - INFO - 107,1.079,0.500,0.500,[0.04207141 0.48372896 0.58959064 0.04908126 0.1456144  0.22528293
 0.25162365 0.64950074 0.63010658 0.30028911 0.51513892 0.47987727
 0.4554247  0.14216591 0.93492377 0.37599627 0.31035546]
2019-11-02 18:27:35,485 - performance_logger - INFO - 108,1.082,0.500,0.500,[0.04207141 0.48372896 0.58959064 0.04908126 0.1456144  0.22528293
 0.25162365 0.64950074 0.63010658 0.30028911 0.51513892 0.47987727
 0.4554247  0.14216591 0.93492377 0.37599627 0.31035546]
2019-11-02 18:27:35,522 - performance_logger - INFO - 109,1.119,0.500,0.500,[0.04207141 0.48372896 0.58959064 0.04908126 0.1456144  0.22528293
 0.25162365 0.64950074 0.63010658 0.30028911 0.51513892 0.47987727
 0.4554247  0.14216591 0.93492377 0.37599627 0.31035546]
2019-11-02 18:27:35,525 - performance_logger - INFO - 110,1.122,0.500,0.500,[0.04207141 0.48372896 0.58959064 0.04908126 0.1456144  0.22528293
 0.25162365 0.64950074 0.63010658 0.30028911 0.51513892 0.47987727
 0.4554247  0.14216591 0.93492377 0.37599627 0.31035546]
2019-11-02 18:27:35,531 - performance_logger - INFO - 111,1.126,0.500,0.500,[0.04207141 0.48372896 0.58959064 0.04908126 0.1456144  0.22528293
 0.25162365 0.64950074 0.63010658 0.30028911 0.51513892 0.47987727
 0.4554247  0.14216591 0.93492377 0.37599627 0.31035546]
2019-11-02 18:27:35,538 - performance_logger - INFO - 112,1.134,0.500,0.500,[0.04207141 0.48372896 0.58959064 0.04908126 0.1456144  0.22528293
 0.25162365 0.64950074 0.63010658 0.30028911 0.51513892 0.47987727
 0.4554247  0.14216591 0.93492377 0.37599627 0.31035546]
2019-11-02 18:27:35,542 - performance_logger - INFO - 113,1.139,0.500,0.500,[0.04207141 0.48372896 0.58959064 0.04908126 0.1456144  0.22528293
 0.25162365 0.64950074 0.63010658 0.30028911 0.51513892 0.47987727
 0.4554247  0.14216591 0.93492377 0.37599627 0.31035546]
2019-11-02 18:27:35,546 - performance_logger - INFO - 114,1.143,0.500,0.500,[0.04207141 0.48372896 0.58959064 0.04908126 0.1456144  0.22528293
 0.25162365 0.64950074 0.63010658 0.30028911 0.51513892 0.47987727
 0.4554247  0.14216591 0.93492377 0.37599627 0.31035546]
2019-11-02 18:27:35,586 - performance_logger - INFO - 115,1.183,0.500,0.500,[0.04207141 0.48372896 0.58959064 0.04908126 0.1456144  0.22528293
 0.25162365 0.64950074 0.63010658 0.30028911 0.51513892 0.47987727
 0.4554247  0.14216591 0.93492377 0.37599627 0.31035546]
2019-11-02 18:27:35,588 - performance_logger - INFO - 116,1.186,0.500,0.500,[0.04207141 0.48372896 0.58959064 0.04908126 0.1456144  0.22528293
 0.25162365 0.64950074 0.63010658 0.30028911 0.51513892 0.47987727
 0.4554247  0.14216591 0.93492377 0.37599627 0.31035546]
2019-11-02 18:27:35,590 - performance_logger - INFO - 117,1.188,0.500,0.500,[0.04207141 0.48372896 0.58959064 0.04908126 0.1456144  0.22528293
 0.25162365 0.64950074 0.63010658 0.30028911 0.51513892 0.47987727
 0.4554247  0.14216591 0.93492377 0.37599627 0.31035546]
2019-11-02 18:27:35,593 - performance_logger - INFO - 118,1.190,0.500,0.500,[0.04207141 0.48372896 0.58959064 0.04908126 0.1456144  0.22528293
 0.25162365 0.64950074 0.63010658 0.30028911 0.51513892 0.47987727
 0.4554247  0.14216591 0.93492377 0.37599627 0.31035546]
2019-11-02 18:27:35,600 - performance_logger - INFO - 119,1.194,0.500,0.500,[0.04207141 0.48372896 0.58959064 0.04908126 0.1456144  0.22528293
 0.25162365 0.64950074 0.63010658 0.30028911 0.51513892 0.47987727
 0.4554247  0.14216591 0.93492377 0.37599627 0.31035546]
2019-11-02 18:27:35,608 - performance_logger - INFO - 120,1.203,0.500,0.500,[0.04207141 0.48372896 0.58959064 0.04908126 0.1456144  0.22528293
 0.25162365 0.64950074 0.63010658 0.30028911 0.51513892 0.47987727
 0.4554247  0.14216591 0.93492377 0.37599627 0.31035546]
2019-11-02 18:27:35,613 - performance_logger - INFO - 121,1.209,0.500,0.500,[0.04207141 0.48372896 0.58959064 0.04908126 0.1456144  0.22528293
 0.25162365 0.64950074 0.63010658 0.30028911 0.51513892 0.47987727
 0.4554247  0.14216591 0.93492377 0.37599627 0.31035546]
2019-11-02 18:27:35,616 - performance_logger - INFO - 122,1.213,0.500,0.500,[0.04207141 0.48372896 0.58959064 0.04908126 0.1456144  0.22528293
 0.25162365 0.64950074 0.63010658 0.30028911 0.51513892 0.47987727
 0.4554247  0.14216591 0.93492377 0.37599627 0.31035546]
2019-11-02 18:27:35,659 - performance_logger - INFO - 123,1.257,0.500,0.500,[0.04207141 0.48372896 0.58959064 0.04908126 0.1456144  0.22528293
 0.25162365 0.64950074 0.63010658 0.30028911 0.51513892 0.47987727
 0.4554247  0.14216591 0.93492377 0.37599627 0.31035546]
2019-11-02 18:27:35,669 - performance_logger - INFO - 124,1.262,0.500,0.500,[0.04207141 0.48372896 0.58959064 0.04908126 0.1456144  0.22528293
 0.25162365 0.64950074 0.63010658 0.30028911 0.51513892 0.47987727
 0.4554247  0.14216591 0.93492377 0.37599627 0.31035546]
2019-11-02 18:27:35,678 - performance_logger - INFO - 125,1.272,0.500,0.500,[0.04207141 0.48372896 0.58959064 0.04908126 0.1456144  0.22528293
 0.25162365 0.64950074 0.63010658 0.30028911 0.51513892 0.47987727
 0.4554247  0.14216591 0.93492377 0.37599627 0.31035546]
2019-11-02 18:30:34,944 - performance_logger - INFO - RunnerSettings(num_particles=2, num_neighbours=100, iterations=6900, local=False, velocity_clamp=(-5, 5), optimizer_options={'c1': 2.5, 'c2': 2.5, 'w': 0.92})
2019-11-02 18:30:34,945 - pyswarms.single.global_best - INFO - Optimize for 6900 iters with {'c1': 2.5, 'c2': 2.5, 'w': 0.92}
2019-11-02 18:30:34,954 - tetrisai - INFO - new glob best! 0.50000000
2019-11-02 18:30:34,954 - tetrisai - INFO - [0.57665669 0.46047484 0.36698316 0.95720632 0.78726004 0.07345108
 0.12104101 0.86085639 0.85463063 0.1358255  0.5925733  0.03131483
 0.46561547 0.37160735 0.57397758 0.03699965 0.54861646]
2019-11-02 18:30:34,957 - performance_logger - INFO - iteration,time_taken,train_score,eval_score,vector
2019-11-02 18:30:34,960 - performance_logger - INFO - 1,0.018,0.500,0.500,[0.57665669 0.46047484 0.36698316 0.95720632 0.78726004 0.07345108
 0.12104101 0.86085639 0.85463063 0.1358255  0.5925733  0.03131483
 0.46561547 0.37160735 0.57397758 0.03699965 0.54861646]
2019-11-02 18:30:34,964 - performance_logger - INFO - 2,0.004,0.500,0.500,[0.57665669 0.46047484 0.36698316 0.95720632 0.78726004 0.07345108
 0.12104101 0.86085639 0.85463063 0.1358255  0.5925733  0.03131483
 0.46561547 0.37160735 0.57397758 0.03699965 0.54861646]
2019-11-02 18:30:35,001 - performance_logger - INFO - 3,0.038,0.500,0.500,[0.57665669 0.46047484 0.36698316 0.95720632 0.78726004 0.07345108
 0.12104101 0.86085639 0.85463063 0.1358255  0.5925733  0.03131483
 0.46561547 0.37160735 0.57397758 0.03699965 0.54861646]
2019-11-02 18:30:35,004 - performance_logger - INFO - 4,0.002,0.500,0.500,[0.57665669 0.46047484 0.36698316 0.95720632 0.78726004 0.07345108
 0.12104101 0.86085639 0.85463063 0.1358255  0.5925733  0.03131483
 0.46561547 0.37160735 0.57397758 0.03699965 0.54861646]
2019-11-02 18:30:35,007 - performance_logger - INFO - 5,0.003,0.500,0.500,[0.57665669 0.46047484 0.36698316 0.95720632 0.78726004 0.07345108
 0.12104101 0.86085639 0.85463063 0.1358255  0.5925733  0.03131483
 0.46561547 0.37160735 0.57397758 0.03699965 0.54861646]
2019-11-02 18:30:35,011 - performance_logger - INFO - 6,0.003,0.500,0.500,[0.57665669 0.46047484 0.36698316 0.95720632 0.78726004 0.07345108
 0.12104101 0.86085639 0.85463063 0.1358255  0.5925733  0.03131483
 0.46561547 0.37160735 0.57397758 0.03699965 0.54861646]
2019-11-02 18:30:35,018 - performance_logger - INFO - 7,0.004,0.500,0.500,[0.57665669 0.46047484 0.36698316 0.95720632 0.78726004 0.07345108
 0.12104101 0.86085639 0.85463063 0.1358255  0.5925733  0.03131483
 0.46561547 0.37160735 0.57397758 0.03699965 0.54861646]
2019-11-02 18:30:35,025 - performance_logger - INFO - 8,0.009,0.500,0.500,[0.57665669 0.46047484 0.36698316 0.95720632 0.78726004 0.07345108
 0.12104101 0.86085639 0.85463063 0.1358255  0.5925733  0.03131483
 0.46561547 0.37160735 0.57397758 0.03699965 0.54861646]
2019-11-02 18:30:35,030 - performance_logger - INFO - 9,0.005,0.500,0.500,[0.57665669 0.46047484 0.36698316 0.95720632 0.78726004 0.07345108
 0.12104101 0.86085639 0.85463063 0.1358255  0.5925733  0.03131483
 0.46561547 0.37160735 0.57397758 0.03699965 0.54861646]
2019-11-02 18:30:35,032 - performance_logger - INFO - 10,0.003,0.500,0.500,[0.57665669 0.46047484 0.36698316 0.95720632 0.78726004 0.07345108
 0.12104101 0.86085639 0.85463063 0.1358255  0.5925733  0.03131483
 0.46561547 0.37160735 0.57397758 0.03699965 0.54861646]
2019-11-02 18:30:35,034 - performance_logger - INFO - 11,0.003,0.500,0.500,[0.57665669 0.46047484 0.36698316 0.95720632 0.78726004 0.07345108
 0.12104101 0.86085639 0.85463063 0.1358255  0.5925733  0.03131483
 0.46561547 0.37160735 0.57397758 0.03699965 0.54861646]
2019-11-02 18:30:35,082 - performance_logger - INFO - 12,0.048,0.500,0.500,[0.57665669 0.46047484 0.36698316 0.95720632 0.78726004 0.07345108
 0.12104101 0.86085639 0.85463063 0.1358255  0.5925733  0.03131483
 0.46561547 0.37160735 0.57397758 0.03699965 0.54861646]
2019-11-02 18:30:35,085 - performance_logger - INFO - 13,0.003,0.500,0.500,[0.57665669 0.46047484 0.36698316 0.95720632 0.78726004 0.07345108
 0.12104101 0.86085639 0.85463063 0.1358255  0.5925733  0.03131483
 0.46561547 0.37160735 0.57397758 0.03699965 0.54861646]
2019-11-02 18:30:35,087 - performance_logger - INFO - 14,0.003,0.500,0.500,[0.57665669 0.46047484 0.36698316 0.95720632 0.78726004 0.07345108
 0.12104101 0.86085639 0.85463063 0.1358255  0.5925733  0.03131483
 0.46561547 0.37160735 0.57397758 0.03699965 0.54861646]
2019-11-02 18:30:35,090 - performance_logger - INFO - 15,0.002,0.500,0.500,[0.57665669 0.46047484 0.36698316 0.95720632 0.78726004 0.07345108
 0.12104101 0.86085639 0.85463063 0.1358255  0.5925733  0.03131483
 0.46561547 0.37160735 0.57397758 0.03699965 0.54861646]
2019-11-02 18:30:35,092 - performance_logger - INFO - 16,0.002,0.500,0.500,[0.57665669 0.46047484 0.36698316 0.95720632 0.78726004 0.07345108
 0.12104101 0.86085639 0.85463063 0.1358255  0.5925733  0.03131483
 0.46561547 0.37160735 0.57397758 0.03699965 0.54861646]
2019-11-02 18:30:35,094 - performance_logger - INFO - 17,0.002,0.500,0.500,[0.57665669 0.46047484 0.36698316 0.95720632 0.78726004 0.07345108
 0.12104101 0.86085639 0.85463063 0.1358255  0.5925733  0.03131483
 0.46561547 0.37160735 0.57397758 0.03699965 0.54861646]
2019-11-02 18:30:35,098 - performance_logger - INFO - 18,0.002,0.500,0.500,[0.57665669 0.46047484 0.36698316 0.95720632 0.78726004 0.07345108
 0.12104101 0.86085639 0.85463063 0.1358255  0.5925733  0.03131483
 0.46561547 0.37160735 0.57397758 0.03699965 0.54861646]
2019-11-02 18:30:35,107 - performance_logger - INFO - 19,0.007,0.500,0.500,[0.57665669 0.46047484 0.36698316 0.95720632 0.78726004 0.07345108
 0.12104101 0.86085639 0.85463063 0.1358255  0.5925733  0.03131483
 0.46561547 0.37160735 0.57397758 0.03699965 0.54861646]
2019-11-02 18:30:35,110 - performance_logger - INFO - 20,0.007,0.500,0.500,[0.57665669 0.46047484 0.36698316 0.95720632 0.78726004 0.07345108
 0.12104101 0.86085639 0.85463063 0.1358255  0.5925733  0.03131483
 0.46561547 0.37160735 0.57397758 0.03699965 0.54861646]
2019-11-02 18:30:35,113 - performance_logger - INFO - 21,0.003,0.500,0.500,[0.57665669 0.46047484 0.36698316 0.95720632 0.78726004 0.07345108
 0.12104101 0.86085639 0.85463063 0.1358255  0.5925733  0.03131483
 0.46561547 0.37160735 0.57397758 0.03699965 0.54861646]
2019-11-02 18:30:35,115 - performance_logger - INFO - 22,0.003,0.500,0.500,[0.57665669 0.46047484 0.36698316 0.95720632 0.78726004 0.07345108
 0.12104101 0.86085639 0.85463063 0.1358255  0.5925733  0.03131483
 0.46561547 0.37160735 0.57397758 0.03699965 0.54861646]
2019-11-02 18:30:35,159 - performance_logger - INFO - 23,0.043,0.500,0.500,[0.57665669 0.46047484 0.36698316 0.95720632 0.78726004 0.07345108
 0.12104101 0.86085639 0.85463063 0.1358255  0.5925733  0.03131483
 0.46561547 0.37160735 0.57397758 0.03699965 0.54861646]
2019-11-02 18:30:35,161 - performance_logger - INFO - 24,0.003,0.500,0.500,[0.57665669 0.46047484 0.36698316 0.95720632 0.78726004 0.07345108
 0.12104101 0.86085639 0.85463063 0.1358255  0.5925733  0.03131483
 0.46561547 0.37160735 0.57397758 0.03699965 0.54861646]
2019-11-02 18:30:35,164 - performance_logger - INFO - 25,0.002,0.500,0.500,[0.57665669 0.46047484 0.36698316 0.95720632 0.78726004 0.07345108
 0.12104101 0.86085639 0.85463063 0.1358255  0.5925733  0.03131483
 0.46561547 0.37160735 0.57397758 0.03699965 0.54861646]
2019-11-02 18:30:35,171 - performance_logger - INFO - 26,0.005,0.500,0.500,[0.57665669 0.46047484 0.36698316 0.95720632 0.78726004 0.07345108
 0.12104101 0.86085639 0.85463063 0.1358255  0.5925733  0.03131483
 0.46561547 0.37160735 0.57397758 0.03699965 0.54861646]
2019-11-02 18:30:35,175 - performance_logger - INFO - 27,0.006,0.500,0.500,[0.57665669 0.46047484 0.36698316 0.95720632 0.78726004 0.07345108
 0.12104101 0.86085639 0.85463063 0.1358255  0.5925733  0.03131483
 0.46561547 0.37160735 0.57397758 0.03699965 0.54861646]
2019-11-02 18:30:35,179 - performance_logger - INFO - 28,0.004,0.500,0.500,[0.57665669 0.46047484 0.36698316 0.95720632 0.78726004 0.07345108
 0.12104101 0.86085639 0.85463063 0.1358255  0.5925733  0.03131483
 0.46561547 0.37160735 0.57397758 0.03699965 0.54861646]
2019-11-02 18:30:35,182 - performance_logger - INFO - 29,0.004,0.500,0.500,[0.57665669 0.46047484 0.36698316 0.95720632 0.78726004 0.07345108
 0.12104101 0.86085639 0.85463063 0.1358255  0.5925733  0.03131483
 0.46561547 0.37160735 0.57397758 0.03699965 0.54861646]
2019-11-02 18:30:35,221 - performance_logger - INFO - 30,0.039,0.500,0.500,[0.57665669 0.46047484 0.36698316 0.95720632 0.78726004 0.07345108
 0.12104101 0.86085639 0.85463063 0.1358255  0.5925733  0.03131483
 0.46561547 0.37160735 0.57397758 0.03699965 0.54861646]
2019-11-02 18:30:35,225 - performance_logger - INFO - 31,0.003,0.500,0.500,[0.57665669 0.46047484 0.36698316 0.95720632 0.78726004 0.07345108
 0.12104101 0.86085639 0.85463063 0.1358255  0.5925733  0.03131483
 0.46561547 0.37160735 0.57397758 0.03699965 0.54861646]
2019-11-02 18:30:35,227 - performance_logger - INFO - 32,0.003,0.500,0.500,[0.57665669 0.46047484 0.36698316 0.95720632 0.78726004 0.07345108
 0.12104101 0.86085639 0.85463063 0.1358255  0.5925733  0.03131483
 0.46561547 0.37160735 0.57397758 0.03699965 0.54861646]
2019-11-02 18:30:35,229 - performance_logger - INFO - 33,0.002,0.500,0.500,[0.57665669 0.46047484 0.36698316 0.95720632 0.78726004 0.07345108
 0.12104101 0.86085639 0.85463063 0.1358255  0.5925733  0.03131483
 0.46561547 0.37160735 0.57397758 0.03699965 0.54861646]
2019-11-02 18:30:35,232 - performance_logger - INFO - 34,0.003,0.500,0.500,[0.57665669 0.46047484 0.36698316 0.95720632 0.78726004 0.07345108
 0.12104101 0.86085639 0.85463063 0.1358255  0.5925733  0.03131483
 0.46561547 0.37160735 0.57397758 0.03699965 0.54861646]
2019-11-02 18:30:35,241 - performance_logger - INFO - 35,0.008,0.500,0.500,[0.57665669 0.46047484 0.36698316 0.95720632 0.78726004 0.07345108
 0.12104101 0.86085639 0.85463063 0.1358255  0.5925733  0.03131483
 0.46561547 0.37160735 0.57397758 0.03699965 0.54861646]
2019-11-02 18:30:35,245 - performance_logger - INFO - 36,0.006,0.500,0.500,[0.57665669 0.46047484 0.36698316 0.95720632 0.78726004 0.07345108
 0.12104101 0.86085639 0.85463063 0.1358255  0.5925733  0.03131483
 0.46561547 0.37160735 0.57397758 0.03699965 0.54861646]
2019-11-02 18:30:35,247 - performance_logger - INFO - 37,0.003,0.500,0.500,[0.57665669 0.46047484 0.36698316 0.95720632 0.78726004 0.07345108
 0.12104101 0.86085639 0.85463063 0.1358255  0.5925733  0.03131483
 0.46561547 0.37160735 0.57397758 0.03699965 0.54861646]
2019-11-02 18:30:35,288 - performance_logger - INFO - 38,0.040,0.500,0.500,[0.57665669 0.46047484 0.36698316 0.95720632 0.78726004 0.07345108
 0.12104101 0.86085639 0.85463063 0.1358255  0.5925733  0.03131483
 0.46561547 0.37160735 0.57397758 0.03699965 0.54861646]
2019-11-02 18:30:35,290 - performance_logger - INFO - 39,0.002,0.500,0.500,[0.57665669 0.46047484 0.36698316 0.95720632 0.78726004 0.07345108
 0.12104101 0.86085639 0.85463063 0.1358255  0.5925733  0.03131483
 0.46561547 0.37160735 0.57397758 0.03699965 0.54861646]
2019-11-02 18:30:35,292 - performance_logger - INFO - 40,0.002,0.500,0.500,[0.57665669 0.46047484 0.36698316 0.95720632 0.78726004 0.07345108
 0.12104101 0.86085639 0.85463063 0.1358255  0.5925733  0.03131483
 0.46561547 0.37160735 0.57397758 0.03699965 0.54861646]
2019-11-02 18:30:35,294 - performance_logger - INFO - 41,0.002,0.500,0.500,[0.57665669 0.46047484 0.36698316 0.95720632 0.78726004 0.07345108
 0.12104101 0.86085639 0.85463063 0.1358255  0.5925733  0.03131483
 0.46561547 0.37160735 0.57397758 0.03699965 0.54861646]
2019-11-02 18:30:35,296 - performance_logger - INFO - 42,0.002,0.500,0.500,[0.57665669 0.46047484 0.36698316 0.95720632 0.78726004 0.07345108
 0.12104101 0.86085639 0.85463063 0.1358255  0.5925733  0.03131483
 0.46561547 0.37160735 0.57397758 0.03699965 0.54861646]
2019-11-02 18:30:35,305 - performance_logger - INFO - 43,0.005,0.500,0.500,[0.57665669 0.46047484 0.36698316 0.95720632 0.78726004 0.07345108
 0.12104101 0.86085639 0.85463063 0.1358255  0.5925733  0.03131483
 0.46561547 0.37160735 0.57397758 0.03699965 0.54861646]
2019-11-02 18:30:35,312 - performance_logger - INFO - 44,0.010,0.500,0.500,[0.57665669 0.46047484 0.36698316 0.95720632 0.78726004 0.07345108
 0.12104101 0.86085639 0.85463063 0.1358255  0.5925733  0.03131483
 0.46561547 0.37160735 0.57397758 0.03699965 0.54861646]
2019-11-02 18:30:35,316 - performance_logger - INFO - 45,0.005,0.500,0.500,[0.57665669 0.46047484 0.36698316 0.95720632 0.78726004 0.07345108
 0.12104101 0.86085639 0.85463063 0.1358255  0.5925733  0.03131483
 0.46561547 0.37160735 0.57397758 0.03699965 0.54861646]
2019-11-02 18:30:35,319 - performance_logger - INFO - 46,0.003,0.500,0.500,[0.57665669 0.46047484 0.36698316 0.95720632 0.78726004 0.07345108
 0.12104101 0.86085639 0.85463063 0.1358255  0.5925733  0.03131483
 0.46561547 0.37160735 0.57397758 0.03699965 0.54861646]
2019-11-02 18:30:35,358 - performance_logger - INFO - 47,0.038,0.500,0.500,[0.57665669 0.46047484 0.36698316 0.95720632 0.78726004 0.07345108
 0.12104101 0.86085639 0.85463063 0.1358255  0.5925733  0.03131483
 0.46561547 0.37160735 0.57397758 0.03699965 0.54861646]
2019-11-02 18:30:35,360 - performance_logger - INFO - 48,0.003,0.500,0.500,[0.57665669 0.46047484 0.36698316 0.95720632 0.78726004 0.07345108
 0.12104101 0.86085639 0.85463063 0.1358255  0.5925733  0.03131483
 0.46561547 0.37160735 0.57397758 0.03699965 0.54861646]
2019-11-02 18:30:35,362 - performance_logger - INFO - 49,0.002,0.500,0.500,[0.57665669 0.46047484 0.36698316 0.95720632 0.78726004 0.07345108
 0.12104101 0.86085639 0.85463063 0.1358255  0.5925733  0.03131483
 0.46561547 0.37160735 0.57397758 0.03699965 0.54861646]
2019-11-02 18:30:35,370 - performance_logger - INFO - 50,0.004,0.500,0.500,[0.57665669 0.46047484 0.36698316 0.95720632 0.78726004 0.07345108
 0.12104101 0.86085639 0.85463063 0.1358255  0.5925733  0.03131483
 0.46561547 0.37160735 0.57397758 0.03699965 0.54861646]
2019-11-02 18:30:35,375 - performance_logger - INFO - 51,0.008,0.500,0.500,[0.57665669 0.46047484 0.36698316 0.95720632 0.78726004 0.07345108
 0.12104101 0.86085639 0.85463063 0.1358255  0.5925733  0.03131483
 0.46561547 0.37160735 0.57397758 0.03699965 0.54861646]
2019-11-02 18:30:35,380 - performance_logger - INFO - 52,0.004,0.500,0.500,[0.57665669 0.46047484 0.36698316 0.95720632 0.78726004 0.07345108
 0.12104101 0.86085639 0.85463063 0.1358255  0.5925733  0.03131483
 0.46561547 0.37160735 0.57397758 0.03699965 0.54861646]
2019-11-02 18:30:35,381 - performance_logger - INFO - 53,0.002,0.500,0.500,[0.57665669 0.46047484 0.36698316 0.95720632 0.78726004 0.07345108
 0.12104101 0.86085639 0.85463063 0.1358255  0.5925733  0.03131483
 0.46561547 0.37160735 0.57397758 0.03699965 0.54861646]
2019-11-02 18:30:35,422 - performance_logger - INFO - 54,0.040,0.500,0.500,[0.57665669 0.46047484 0.36698316 0.95720632 0.78726004 0.07345108
 0.12104101 0.86085639 0.85463063 0.1358255  0.5925733  0.03131483
 0.46561547 0.37160735 0.57397758 0.03699965 0.54861646]
2019-11-02 18:30:35,424 - performance_logger - INFO - 55,0.003,0.500,0.500,[0.57665669 0.46047484 0.36698316 0.95720632 0.78726004 0.07345108
 0.12104101 0.86085639 0.85463063 0.1358255  0.5925733  0.03131483
 0.46561547 0.37160735 0.57397758 0.03699965 0.54861646]
2019-11-02 18:30:35,426 - performance_logger - INFO - 56,0.002,0.500,0.500,[0.57665669 0.46047484 0.36698316 0.95720632 0.78726004 0.07345108
 0.12104101 0.86085639 0.85463063 0.1358255  0.5925733  0.03131483
 0.46561547 0.37160735 0.57397758 0.03699965 0.54861646]
2019-11-02 18:30:35,428 - performance_logger - INFO - 57,0.002,0.500,0.500,[0.57665669 0.46047484 0.36698316 0.95720632 0.78726004 0.07345108
 0.12104101 0.86085639 0.85463063 0.1358255  0.5925733  0.03131483
 0.46561547 0.37160735 0.57397758 0.03699965 0.54861646]
2019-11-02 18:30:35,432 - performance_logger - INFO - 58,0.002,0.500,0.500,[0.57665669 0.46047484 0.36698316 0.95720632 0.78726004 0.07345108
 0.12104101 0.86085639 0.85463063 0.1358255  0.5925733  0.03131483
 0.46561547 0.37160735 0.57397758 0.03699965 0.54861646]
2019-11-02 18:30:35,439 - performance_logger - INFO - 59,0.007,0.500,0.500,[0.57665669 0.46047484 0.36698316 0.95720632 0.78726004 0.07345108
 0.12104101 0.86085639 0.85463063 0.1358255  0.5925733  0.03131483
 0.46561547 0.37160735 0.57397758 0.03699965 0.54861646]
2019-11-02 18:30:35,445 - performance_logger - INFO - 60,0.007,0.500,0.500,[0.57665669 0.46047484 0.36698316 0.95720632 0.78726004 0.07345108
 0.12104101 0.86085639 0.85463063 0.1358255  0.5925733  0.03131483
 0.46561547 0.37160735 0.57397758 0.03699965 0.54861646]
2019-11-02 18:30:35,448 - performance_logger - INFO - 61,0.004,0.500,0.500,[0.57665669 0.46047484 0.36698316 0.95720632 0.78726004 0.07345108
 0.12104101 0.86085639 0.85463063 0.1358255  0.5925733  0.03131483
 0.46561547 0.37160735 0.57397758 0.03699965 0.54861646]
2019-11-02 18:30:35,451 - performance_logger - INFO - 62,0.003,0.500,0.500,[0.57665669 0.46047484 0.36698316 0.95720632 0.78726004 0.07345108
 0.12104101 0.86085639 0.85463063 0.1358255  0.5925733  0.03131483
 0.46561547 0.37160735 0.57397758 0.03699965 0.54861646]
2019-11-02 18:30:35,488 - performance_logger - INFO - 63,0.037,0.500,0.500,[0.57665669 0.46047484 0.36698316 0.95720632 0.78726004 0.07345108
 0.12104101 0.86085639 0.85463063 0.1358255  0.5925733  0.03131483
 0.46561547 0.37160735 0.57397758 0.03699965 0.54861646]
2019-11-02 18:30:35,490 - performance_logger - INFO - 64,0.002,0.500,0.500,[0.57665669 0.46047484 0.36698316 0.95720632 0.78726004 0.07345108
 0.12104101 0.86085639 0.85463063 0.1358255  0.5925733  0.03131483
 0.46561547 0.37160735 0.57397758 0.03699965 0.54861646]
2019-11-02 18:30:35,492 - performance_logger - INFO - 65,0.002,0.500,0.500,[0.57665669 0.46047484 0.36698316 0.95720632 0.78726004 0.07345108
 0.12104101 0.86085639 0.85463063 0.1358255  0.5925733  0.03131483
 0.46561547 0.37160735 0.57397758 0.03699965 0.54861646]
2019-11-02 18:30:35,494 - performance_logger - INFO - 66,0.002,0.500,0.500,[0.57665669 0.46047484 0.36698316 0.95720632 0.78726004 0.07345108
 0.12104101 0.86085639 0.85463063 0.1358255  0.5925733  0.03131483
 0.46561547 0.37160735 0.57397758 0.03699965 0.54861646]
2019-11-02 18:30:35,496 - performance_logger - INFO - 67,0.002,0.500,0.500,[0.57665669 0.46047484 0.36698316 0.95720632 0.78726004 0.07345108
 0.12104101 0.86085639 0.85463063 0.1358255  0.5925733  0.03131483
 0.46561547 0.37160735 0.57397758 0.03699965 0.54861646]
2019-11-02 18:30:35,504 - performance_logger - INFO - 68,0.004,0.500,0.500,[0.57665669 0.46047484 0.36698316 0.95720632 0.78726004 0.07345108
 0.12104101 0.86085639 0.85463063 0.1358255  0.5925733  0.03131483
 0.46561547 0.37160735 0.57397758 0.03699965 0.54861646]
2019-11-02 18:30:35,509 - performance_logger - INFO - 69,0.008,0.500,0.500,[0.57665669 0.46047484 0.36698316 0.95720632 0.78726004 0.07345108
 0.12104101 0.86085639 0.85463063 0.1358255  0.5925733  0.03131483
 0.46561547 0.37160735 0.57397758 0.03699965 0.54861646]
2019-11-02 18:30:35,513 - performance_logger - INFO - 70,0.004,0.500,0.500,[0.57665669 0.46047484 0.36698316 0.95720632 0.78726004 0.07345108
 0.12104101 0.86085639 0.85463063 0.1358255  0.5925733  0.03131483
 0.46561547 0.37160735 0.57397758 0.03699965 0.54861646]
2019-11-02 18:30:35,515 - performance_logger - INFO - 71,0.002,0.500,0.500,[0.57665669 0.46047484 0.36698316 0.95720632 0.78726004 0.07345108
 0.12104101 0.86085639 0.85463063 0.1358255  0.5925733  0.03131483
 0.46561547 0.37160735 0.57397758 0.03699965 0.54861646]
2019-11-02 18:30:35,558 - performance_logger - INFO - 72,0.043,0.500,0.500,[0.57665669 0.46047484 0.36698316 0.95720632 0.78726004 0.07345108
 0.12104101 0.86085639 0.85463063 0.1358255  0.5925733  0.03131483
 0.46561547 0.37160735 0.57397758 0.03699965 0.54861646]
2019-11-02 18:30:35,560 - performance_logger - INFO - 73,0.003,0.500,0.500,[0.57665669 0.46047484 0.36698316 0.95720632 0.78726004 0.07345108
 0.12104101 0.86085639 0.85463063 0.1358255  0.5925733  0.03131483
 0.46561547 0.37160735 0.57397758 0.03699965 0.54861646]
2019-11-02 18:30:35,563 - performance_logger - INFO - 74,0.002,0.500,0.500,[0.57665669 0.46047484 0.36698316 0.95720632 0.78726004 0.07345108
 0.12104101 0.86085639 0.85463063 0.1358255  0.5925733  0.03131483
 0.46561547 0.37160735 0.57397758 0.03699965 0.54861646]
2019-11-02 18:30:35,566 - performance_logger - INFO - 75,0.003,0.500,0.500,[0.57665669 0.46047484 0.36698316 0.95720632 0.78726004 0.07345108
 0.12104101 0.86085639 0.85463063 0.1358255  0.5925733  0.03131483
 0.46561547 0.37160735 0.57397758 0.03699965 0.54861646]
2019-11-02 18:30:35,575 - performance_logger - INFO - 76,0.008,0.500,0.500,[0.57665669 0.46047484 0.36698316 0.95720632 0.78726004 0.07345108
 0.12104101 0.86085639 0.85463063 0.1358255  0.5925733  0.03131483
 0.46561547 0.37160735 0.57397758 0.03699965 0.54861646]
2019-11-02 18:30:35,580 - performance_logger - INFO - 77,0.006,0.500,0.500,[0.57665669 0.46047484 0.36698316 0.95720632 0.78726004 0.07345108
 0.12104101 0.86085639 0.85463063 0.1358255  0.5925733  0.03131483
 0.46561547 0.37160735 0.57397758 0.03699965 0.54861646]
2019-11-02 18:30:35,582 - performance_logger - INFO - 78,0.003,0.500,0.500,[0.57665669 0.46047484 0.36698316 0.95720632 0.78726004 0.07345108
 0.12104101 0.86085639 0.85463063 0.1358255  0.5925733  0.03131483
 0.46561547 0.37160735 0.57397758 0.03699965 0.54861646]
2019-11-02 18:30:35,623 - performance_logger - INFO - 79,0.041,0.500,0.500,[0.57665669 0.46047484 0.36698316 0.95720632 0.78726004 0.07345108
 0.12104101 0.86085639 0.85463063 0.1358255  0.5925733  0.03131483
 0.46561547 0.37160735 0.57397758 0.03699965 0.54861646]
2019-11-02 18:30:35,626 - performance_logger - INFO - 80,0.003,0.500,0.500,[0.57665669 0.46047484 0.36698316 0.95720632 0.78726004 0.07345108
 0.12104101 0.86085639 0.85463063 0.1358255  0.5925733  0.03131483
 0.46561547 0.37160735 0.57397758 0.03699965 0.54861646]
2019-11-02 18:30:35,628 - performance_logger - INFO - 81,0.002,0.500,0.500,[0.57665669 0.46047484 0.36698316 0.95720632 0.78726004 0.07345108
 0.12104101 0.86085639 0.85463063 0.1358255  0.5925733  0.03131483
 0.46561547 0.37160735 0.57397758 0.03699965 0.54861646]
2019-11-02 18:30:35,631 - performance_logger - INFO - 82,0.002,0.500,0.500,[0.57665669 0.46047484 0.36698316 0.95720632 0.78726004 0.07345108
 0.12104101 0.86085639 0.85463063 0.1358255  0.5925733  0.03131483
 0.46561547 0.37160735 0.57397758 0.03699965 0.54861646]
2019-11-02 18:30:35,640 - performance_logger - INFO - 83,0.007,0.500,0.500,[0.57665669 0.46047484 0.36698316 0.95720632 0.78726004 0.07345108
 0.12104101 0.86085639 0.85463063 0.1358255  0.5925733  0.03131483
 0.46561547 0.37160735 0.57397758 0.03699965 0.54861646]
2019-11-02 18:30:35,644 - performance_logger - INFO - 84,0.006,0.500,0.500,[0.57665669 0.46047484 0.36698316 0.95720632 0.78726004 0.07345108
 0.12104101 0.86085639 0.85463063 0.1358255  0.5925733  0.03131483
 0.46561547 0.37160735 0.57397758 0.03699965 0.54861646]
2019-11-02 18:30:35,647 - performance_logger - INFO - 85,0.004,0.500,0.500,[0.57665669 0.46047484 0.36698316 0.95720632 0.78726004 0.07345108
 0.12104101 0.86085639 0.85463063 0.1358255  0.5925733  0.03131483
 0.46561547 0.37160735 0.57397758 0.03699965 0.54861646]
2019-11-02 18:30:35,650 - performance_logger - INFO - 86,0.002,0.500,0.500,[0.57665669 0.46047484 0.36698316 0.95720632 0.78726004 0.07345108
 0.12104101 0.86085639 0.85463063 0.1358255  0.5925733  0.03131483
 0.46561547 0.37160735 0.57397758 0.03699965 0.54861646]
2019-11-02 18:30:35,694 - performance_logger - INFO - 87,0.044,0.500,0.500,[0.57665669 0.46047484 0.36698316 0.95720632 0.78726004 0.07345108
 0.12104101 0.86085639 0.85463063 0.1358255  0.5925733  0.03131483
 0.46561547 0.37160735 0.57397758 0.03699965 0.54861646]
2019-11-02 18:30:35,697 - performance_logger - INFO - 88,0.003,0.500,0.500,[0.57665669 0.46047484 0.36698316 0.95720632 0.78726004 0.07345108
 0.12104101 0.86085639 0.85463063 0.1358255  0.5925733  0.03131483
 0.46561547 0.37160735 0.57397758 0.03699965 0.54861646]
2019-11-02 18:30:35,707 - performance_logger - INFO - 89,0.008,0.500,0.500,[0.57665669 0.46047484 0.36698316 0.95720632 0.78726004 0.07345108
 0.12104101 0.86085639 0.85463063 0.1358255  0.5925733  0.03131483
 0.46561547 0.37160735 0.57397758 0.03699965 0.54861646]
2019-11-02 18:30:35,711 - performance_logger - INFO - 90,0.006,0.500,0.500,[0.57665669 0.46047484 0.36698316 0.95720632 0.78726004 0.07345108
 0.12104101 0.86085639 0.85463063 0.1358255  0.5925733  0.03131483
 0.46561547 0.37160735 0.57397758 0.03699965 0.54861646]
2019-11-02 18:30:35,714 - performance_logger - INFO - 91,0.003,0.500,0.500,[0.57665669 0.46047484 0.36698316 0.95720632 0.78726004 0.07345108
 0.12104101 0.86085639 0.85463063 0.1358255  0.5925733  0.03131483
 0.46561547 0.37160735 0.57397758 0.03699965 0.54861646]
2019-11-02 18:30:35,716 - performance_logger - INFO - 92,0.003,0.500,0.500,[0.57665669 0.46047484 0.36698316 0.95720632 0.78726004 0.07345108
 0.12104101 0.86085639 0.85463063 0.1358255  0.5925733  0.03131483
 0.46561547 0.37160735 0.57397758 0.03699965 0.54861646]
2019-11-02 18:30:35,812 - performance_logger - INFO - 93,0.096,0.500,0.500,[0.57665669 0.46047484 0.36698316 0.95720632 0.78726004 0.07345108
 0.12104101 0.86085639 0.85463063 0.1358255  0.5925733  0.03131483
 0.46561547 0.37160735 0.57397758 0.03699965 0.54861646]
2019-11-02 18:30:35,814 - performance_logger - INFO - 94,0.002,0.500,0.500,[0.57665669 0.46047484 0.36698316 0.95720632 0.78726004 0.07345108
 0.12104101 0.86085639 0.85463063 0.1358255  0.5925733  0.03131483
 0.46561547 0.37160735 0.57397758 0.03699965 0.54861646]
2019-11-02 18:30:35,819 - performance_logger - INFO - 95,0.005,0.500,0.500,[0.57665669 0.46047484 0.36698316 0.95720632 0.78726004 0.07345108
 0.12104101 0.86085639 0.85463063 0.1358255  0.5925733  0.03131483
 0.46561547 0.37160735 0.57397758 0.03699965 0.54861646]
2019-11-02 18:30:35,821 - performance_logger - INFO - 96,0.002,0.500,0.500,[0.57665669 0.46047484 0.36698316 0.95720632 0.78726004 0.07345108
 0.12104101 0.86085639 0.85463063 0.1358255  0.5925733  0.03131483
 0.46561547 0.37160735 0.57397758 0.03699965 0.54861646]
2019-11-02 18:30:35,823 - performance_logger - INFO - 97,0.002,0.500,0.500,[0.57665669 0.46047484 0.36698316 0.95720632 0.78726004 0.07345108
 0.12104101 0.86085639 0.85463063 0.1358255  0.5925733  0.03131483
 0.46561547 0.37160735 0.57397758 0.03699965 0.54861646]
2019-11-02 18:30:35,825 - performance_logger - INFO - 98,0.002,0.500,0.500,[0.57665669 0.46047484 0.36698316 0.95720632 0.78726004 0.07345108
 0.12104101 0.86085639 0.85463063 0.1358255  0.5925733  0.03131483
 0.46561547 0.37160735 0.57397758 0.03699965 0.54861646]
2019-11-02 18:30:35,827 - performance_logger - INFO - 99,0.002,0.500,0.500,[0.57665669 0.46047484 0.36698316 0.95720632 0.78726004 0.07345108
 0.12104101 0.86085639 0.85463063 0.1358255  0.5925733  0.03131483
 0.46561547 0.37160735 0.57397758 0.03699965 0.54861646]
2019-11-02 18:30:35,830 - performance_logger - INFO - 100,0.002,0.500,0.500,[0.57665669 0.46047484 0.36698316 0.95720632 0.78726004 0.07345108
 0.12104101 0.86085639 0.85463063 0.1358255  0.5925733  0.03131483
 0.46561547 0.37160735 0.57397758 0.03699965 0.54861646]
2019-11-02 18:30:35,837 - performance_logger - INFO - 101,0.003,0.500,0.500,[0.57665669 0.46047484 0.36698316 0.95720632 0.78726004 0.07345108
 0.12104101 0.86085639 0.85463063 0.1358255  0.5925733  0.03131483
 0.46561547 0.37160735 0.57397758 0.03699965 0.54861646]
2019-11-02 18:30:35,842 - performance_logger - INFO - 102,0.008,0.500,0.500,[0.57665669 0.46047484 0.36698316 0.95720632 0.78726004 0.07345108
 0.12104101 0.86085639 0.85463063 0.1358255  0.5925733  0.03131483
 0.46561547 0.37160735 0.57397758 0.03699965 0.54861646]
2019-11-02 18:30:57,100 - performance_logger - INFO - RunnerSettings(num_particles=2, num_neighbours=100, iterations=6900, local=False, velocity_clamp=(-5, 5), optimizer_options={'c1': 2.5, 'c2': 2.5, 'w': 0.92})
2019-11-02 18:30:57,101 - pyswarms.single.global_best - INFO - Optimize for 6900 iters with {'c1': 2.5, 'c2': 2.5, 'w': 0.92}
2019-11-02 18:30:57,115 - tetrisai - INFO - new glob best! 0.50000000
2019-11-02 18:30:57,115 - tetrisai - INFO - [0.14954155 0.98356319 0.51050998 0.45564026 0.46750366 0.78882953
 0.67079941 0.92341535 0.86756883 0.83978477 0.37964918 0.66505915
 0.69859338 0.2247903  0.50175427 0.58750955 0.06298338]
2019-11-02 18:30:57,118 - performance_logger - INFO - iteration,time_taken,train_score,eval_score,vector
2019-11-02 18:30:57,120 - performance_logger - INFO - 1,0.021,0.500,0.500,[0.14954155 0.98356319 0.51050998 0.45564026 0.46750366 0.78882953
 0.67079941 0.92341535 0.86756883 0.83978477 0.37964918 0.66505915
 0.69859338 0.2247903  0.50175427 0.58750955 0.06298338]
2019-11-02 18:30:57,124 - performance_logger - INFO - 2,0.004,0.500,0.500,[0.14954155 0.98356319 0.51050998 0.45564026 0.46750366 0.78882953
 0.67079941 0.92341535 0.86756883 0.83978477 0.37964918 0.66505915
 0.69859338 0.2247903  0.50175427 0.58750955 0.06298338]
2019-11-02 18:30:57,128 - performance_logger - INFO - 3,0.004,0.500,0.500,[0.14954155 0.98356319 0.51050998 0.45564026 0.46750366 0.78882953
 0.67079941 0.92341535 0.86756883 0.83978477 0.37964918 0.66505915
 0.69859338 0.2247903  0.50175427 0.58750955 0.06298338]
2019-11-02 18:30:57,177 - performance_logger - INFO - 4,0.048,0.500,0.500,[0.14954155 0.98356319 0.51050998 0.45564026 0.46750366 0.78882953
 0.67079941 0.92341535 0.86756883 0.83978477 0.37964918 0.66505915
 0.69859338 0.2247903  0.50175427 0.58750955 0.06298338]
2019-11-02 18:30:57,181 - performance_logger - INFO - 5,0.005,0.500,0.500,[0.14954155 0.98356319 0.51050998 0.45564026 0.46750366 0.78882953
 0.67079941 0.92341535 0.86756883 0.83978477 0.37964918 0.66505915
 0.69859338 0.2247903  0.50175427 0.58750955 0.06298338]
2019-11-02 18:30:57,185 - performance_logger - INFO - 6,0.003,0.500,0.500,[0.14954155 0.98356319 0.51050998 0.45564026 0.46750366 0.78882953
 0.67079941 0.92341535 0.86756883 0.83978477 0.37964918 0.66505915
 0.69859338 0.2247903  0.50175427 0.58750955 0.06298338]
2019-11-02 18:30:57,195 - performance_logger - INFO - 7,0.009,0.500,0.500,[0.14954155 0.98356319 0.51050998 0.45564026 0.46750366 0.78882953
 0.67079941 0.92341535 0.86756883 0.83978477 0.37964918 0.66505915
 0.69859338 0.2247903  0.50175427 0.58750955 0.06298338]
2019-11-02 18:30:57,200 - performance_logger - INFO - 8,0.007,0.500,0.500,[0.14954155 0.98356319 0.51050998 0.45564026 0.46750366 0.78882953
 0.67079941 0.92341535 0.86756883 0.83978477 0.37964918 0.66505915
 0.69859338 0.2247903  0.50175427 0.58750955 0.06298338]
2019-11-02 18:30:57,206 - performance_logger - INFO - 9,0.005,0.500,0.500,[0.14954155 0.98356319 0.51050998 0.45564026 0.46750366 0.78882953
 0.67079941 0.92341535 0.86756883 0.83978477 0.37964918 0.66505915
 0.69859338 0.2247903  0.50175427 0.58750955 0.06298338]
2019-11-02 18:30:57,254 - performance_logger - INFO - 10,0.049,0.500,0.500,[0.14954155 0.98356319 0.51050998 0.45564026 0.46750366 0.78882953
 0.67079941 0.92341535 0.86756883 0.83978477 0.37964918 0.66505915
 0.69859338 0.2247903  0.50175427 0.58750955 0.06298338]
2019-11-02 18:30:57,256 - performance_logger - INFO - 11,0.003,0.500,0.500,[0.14954155 0.98356319 0.51050998 0.45564026 0.46750366 0.78882953
 0.67079941 0.92341535 0.86756883 0.83978477 0.37964918 0.66505915
 0.69859338 0.2247903  0.50175427 0.58750955 0.06298338]
2019-11-02 18:30:57,259 - performance_logger - INFO - 12,0.003,0.500,0.500,[0.14954155 0.98356319 0.51050998 0.45564026 0.46750366 0.78882953
 0.67079941 0.92341535 0.86756883 0.83978477 0.37964918 0.66505915
 0.69859338 0.2247903  0.50175427 0.58750955 0.06298338]
2019-11-02 18:30:57,261 - performance_logger - INFO - 13,0.002,0.500,0.500,[0.14954155 0.98356319 0.51050998 0.45564026 0.46750366 0.78882953
 0.67079941 0.92341535 0.86756883 0.83978477 0.37964918 0.66505915
 0.69859338 0.2247903  0.50175427 0.58750955 0.06298338]
2019-11-02 18:30:57,264 - performance_logger - INFO - 14,0.002,0.500,0.500,[0.14954155 0.98356319 0.51050998 0.45564026 0.46750366 0.78882953
 0.67079941 0.92341535 0.86756883 0.83978477 0.37964918 0.66505915
 0.69859338 0.2247903  0.50175427 0.58750955 0.06298338]
2019-11-02 18:30:57,268 - performance_logger - INFO - 15,0.003,0.500,0.500,[0.14954155 0.98356319 0.51050998 0.45564026 0.46750366 0.78882953
 0.67079941 0.92341535 0.86756883 0.83978477 0.37964918 0.66505915
 0.69859338 0.2247903  0.50175427 0.58750955 0.06298338]
2019-11-02 18:30:57,278 - performance_logger - INFO - 16,0.008,0.500,0.500,[0.14954155 0.98356319 0.51050998 0.45564026 0.46750366 0.78882953
 0.67079941 0.92341535 0.86756883 0.83978477 0.37964918 0.66505915
 0.69859338 0.2247903  0.50175427 0.58750955 0.06298338]
2019-11-02 18:30:57,284 - performance_logger - INFO - 17,0.008,0.500,0.500,[0.14954155 0.98356319 0.51050998 0.45564026 0.46750366 0.78882953
 0.67079941 0.92341535 0.86756883 0.83978477 0.37964918 0.66505915
 0.69859338 0.2247903  0.50175427 0.58750955 0.06298338]
2019-11-02 18:30:57,288 - performance_logger - INFO - 18,0.005,0.500,0.500,[0.14954155 0.98356319 0.51050998 0.45564026 0.46750366 0.78882953
 0.67079941 0.92341535 0.86756883 0.83978477 0.37964918 0.66505915
 0.69859338 0.2247903  0.50175427 0.58750955 0.06298338]
2019-11-02 18:30:57,292 - performance_logger - INFO - 19,0.003,0.500,0.500,[0.14954155 0.98356319 0.51050998 0.45564026 0.46750366 0.78882953
 0.67079941 0.92341535 0.86756883 0.83978477 0.37964918 0.66505915
 0.69859338 0.2247903  0.50175427 0.58750955 0.06298338]
2019-11-02 18:30:57,333 - performance_logger - INFO - 20,0.041,0.500,0.500,[0.14954155 0.98356319 0.51050998 0.45564026 0.46750366 0.78882953
 0.67079941 0.92341535 0.86756883 0.83978477 0.37964918 0.66505915
 0.69859338 0.2247903  0.50175427 0.58750955 0.06298338]
2019-11-02 18:30:57,341 - performance_logger - INFO - 21,0.006,0.500,0.500,[0.14954155 0.98356319 0.51050998 0.45564026 0.46750366 0.78882953
 0.67079941 0.92341535 0.86756883 0.83978477 0.37964918 0.66505915
 0.69859338 0.2247903  0.50175427 0.58750955 0.06298338]
2019-11-02 18:30:57,350 - performance_logger - INFO - 22,0.010,0.500,0.500,[0.14954155 0.98356319 0.51050998 0.45564026 0.46750366 0.78882953
 0.67079941 0.92341535 0.86756883 0.83978477 0.37964918 0.66505915
 0.69859338 0.2247903  0.50175427 0.58750955 0.06298338]
2019-11-02 18:30:57,402 - performance_logger - INFO - 23,0.053,0.500,0.500,[0.14954155 0.98356319 0.51050998 0.45564026 0.46750366 0.78882953
 0.67079941 0.92341535 0.86756883 0.83978477 0.37964918 0.66505915
 0.69859338 0.2247903  0.50175427 0.58750955 0.06298338]
2019-11-02 18:30:57,405 - performance_logger - INFO - 24,0.003,0.500,0.500,[0.14954155 0.98356319 0.51050998 0.45564026 0.46750366 0.78882953
 0.67079941 0.92341535 0.86756883 0.83978477 0.37964918 0.66505915
 0.69859338 0.2247903  0.50175427 0.58750955 0.06298338]
2019-11-02 18:30:57,408 - performance_logger - INFO - 25,0.004,0.500,0.500,[0.14954155 0.98356319 0.51050998 0.45564026 0.46750366 0.78882953
 0.67079941 0.92341535 0.86756883 0.83978477 0.37964918 0.66505915
 0.69859338 0.2247903  0.50175427 0.58750955 0.06298338]
2019-11-02 18:30:57,410 - performance_logger - INFO - 26,0.003,0.500,0.500,[0.14954155 0.98356319 0.51050998 0.45564026 0.46750366 0.78882953
 0.67079941 0.92341535 0.86756883 0.83978477 0.37964918 0.66505915
 0.69859338 0.2247903  0.50175427 0.58750955 0.06298338]
2019-11-02 18:30:57,413 - performance_logger - INFO - 27,0.002,0.500,0.500,[0.14954155 0.98356319 0.51050998 0.45564026 0.46750366 0.78882953
 0.67079941 0.92341535 0.86756883 0.83978477 0.37964918 0.66505915
 0.69859338 0.2247903  0.50175427 0.58750955 0.06298338]
2019-11-02 18:30:57,416 - performance_logger - INFO - 28,0.002,0.500,0.500,[0.14954155 0.98356319 0.51050998 0.45564026 0.46750366 0.78882953
 0.67079941 0.92341535 0.86756883 0.83978477 0.37964918 0.66505915
 0.69859338 0.2247903  0.50175427 0.58750955 0.06298338]
2019-11-02 18:30:57,426 - performance_logger - INFO - 29,0.007,0.500,0.500,[0.14954155 0.98356319 0.51050998 0.45564026 0.46750366 0.78882953
 0.67079941 0.92341535 0.86756883 0.83978477 0.37964918 0.66505915
 0.69859338 0.2247903  0.50175427 0.58750955 0.06298338]
2019-11-02 18:30:57,433 - performance_logger - INFO - 30,0.010,0.500,0.500,[0.14954155 0.98356319 0.51050998 0.45564026 0.46750366 0.78882953
 0.67079941 0.92341535 0.86756883 0.83978477 0.37964918 0.66505915
 0.69859338 0.2247903  0.50175427 0.58750955 0.06298338]
2019-11-02 18:30:57,437 - performance_logger - INFO - 31,0.004,0.500,0.500,[0.14954155 0.98356319 0.51050998 0.45564026 0.46750366 0.78882953
 0.67079941 0.92341535 0.86756883 0.83978477 0.37964918 0.66505915
 0.69859338 0.2247903  0.50175427 0.58750955 0.06298338]
2019-11-02 18:30:57,440 - performance_logger - INFO - 32,0.003,0.500,0.500,[0.14954155 0.98356319 0.51050998 0.45564026 0.46750366 0.78882953
 0.67079941 0.92341535 0.86756883 0.83978477 0.37964918 0.66505915
 0.69859338 0.2247903  0.50175427 0.58750955 0.06298338]
2019-11-02 18:30:57,480 - performance_logger - INFO - 33,0.040,0.500,0.500,[0.14954155 0.98356319 0.51050998 0.45564026 0.46750366 0.78882953
 0.67079941 0.92341535 0.86756883 0.83978477 0.37964918 0.66505915
 0.69859338 0.2247903  0.50175427 0.58750955 0.06298338]
2019-11-02 18:30:57,484 - performance_logger - INFO - 34,0.003,0.500,0.500,[0.14954155 0.98356319 0.51050998 0.45564026 0.46750366 0.78882953
 0.67079941 0.92341535 0.86756883 0.83978477 0.37964918 0.66505915
 0.69859338 0.2247903  0.50175427 0.58750955 0.06298338]
2019-11-02 18:30:57,490 - performance_logger - INFO - 35,0.004,0.500,0.500,[0.14954155 0.98356319 0.51050998 0.45564026 0.46750366 0.78882953
 0.67079941 0.92341535 0.86756883 0.83978477 0.37964918 0.66505915
 0.69859338 0.2247903  0.50175427 0.58750955 0.06298338]
2019-11-02 18:30:57,495 - performance_logger - INFO - 36,0.009,0.500,0.500,[0.14954155 0.98356319 0.51050998 0.45564026 0.46750366 0.78882953
 0.67079941 0.92341535 0.86756883 0.83978477 0.37964918 0.66505915
 0.69859338 0.2247903  0.50175427 0.58750955 0.06298338]
2019-11-02 18:30:57,500 - performance_logger - INFO - 37,0.004,0.500,0.500,[0.14954155 0.98356319 0.51050998 0.45564026 0.46750366 0.78882953
 0.67079941 0.92341535 0.86756883 0.83978477 0.37964918 0.66505915
 0.69859338 0.2247903  0.50175427 0.58750955 0.06298338]
2019-11-02 18:30:57,504 - performance_logger - INFO - 38,0.005,0.500,0.500,[0.14954155 0.98356319 0.51050998 0.45564026 0.46750366 0.78882953
 0.67079941 0.92341535 0.86756883 0.83978477 0.37964918 0.66505915
 0.69859338 0.2247903  0.50175427 0.58750955 0.06298338]
2019-11-02 18:30:57,543 - performance_logger - INFO - 39,0.039,0.500,0.500,[0.14954155 0.98356319 0.51050998 0.45564026 0.46750366 0.78882953
 0.67079941 0.92341535 0.86756883 0.83978477 0.37964918 0.66505915
 0.69859338 0.2247903  0.50175427 0.58750955 0.06298338]
2019-11-02 18:30:57,545 - performance_logger - INFO - 40,0.003,0.500,0.500,[0.14954155 0.98356319 0.51050998 0.45564026 0.46750366 0.78882953
 0.67079941 0.92341535 0.86756883 0.83978477 0.37964918 0.66505915
 0.69859338 0.2247903  0.50175427 0.58750955 0.06298338]
2019-11-02 18:30:57,547 - performance_logger - INFO - 41,0.002,0.500,0.500,[0.14954155 0.98356319 0.51050998 0.45564026 0.46750366 0.78882953
 0.67079941 0.92341535 0.86756883 0.83978477 0.37964918 0.66505915
 0.69859338 0.2247903  0.50175427 0.58750955 0.06298338]
2019-11-02 18:30:57,555 - performance_logger - INFO - 42,0.003,0.500,0.500,[0.14954155 0.98356319 0.51050998 0.45564026 0.46750366 0.78882953
 0.67079941 0.92341535 0.86756883 0.83978477 0.37964918 0.66505915
 0.69859338 0.2247903  0.50175427 0.58750955 0.06298338]
2019-11-02 18:30:57,563 - performance_logger - INFO - 43,0.011,0.500,0.500,[0.14954155 0.98356319 0.51050998 0.45564026 0.46750366 0.78882953
 0.67079941 0.92341535 0.86756883 0.83978477 0.37964918 0.66505915
 0.69859338 0.2247903  0.50175427 0.58750955 0.06298338]
2019-11-02 18:30:57,570 - performance_logger - INFO - 44,0.007,0.500,0.500,[0.14954155 0.98356319 0.51050998 0.45564026 0.46750366 0.78882953
 0.67079941 0.92341535 0.86756883 0.83978477 0.37964918 0.66505915
 0.69859338 0.2247903  0.50175427 0.58750955 0.06298338]
2019-11-02 18:30:57,573 - performance_logger - INFO - 45,0.004,0.500,0.500,[0.14954155 0.98356319 0.51050998 0.45564026 0.46750366 0.78882953
 0.67079941 0.92341535 0.86756883 0.83978477 0.37964918 0.66505915
 0.69859338 0.2247903  0.50175427 0.58750955 0.06298338]
2019-11-02 18:30:57,609 - performance_logger - INFO - 46,0.036,0.500,0.500,[0.14954155 0.98356319 0.51050998 0.45564026 0.46750366 0.78882953
 0.67079941 0.92341535 0.86756883 0.83978477 0.37964918 0.66505915
 0.69859338 0.2247903  0.50175427 0.58750955 0.06298338]
2019-11-02 18:30:57,612 - performance_logger - INFO - 47,0.003,0.500,0.500,[0.14954155 0.98356319 0.51050998 0.45564026 0.46750366 0.78882953
 0.67079941 0.92341535 0.86756883 0.83978477 0.37964918 0.66505915
 0.69859338 0.2247903  0.50175427 0.58750955 0.06298338]
2019-11-02 18:30:57,615 - performance_logger - INFO - 48,0.003,0.500,0.500,[0.14954155 0.98356319 0.51050998 0.45564026 0.46750366 0.78882953
 0.67079941 0.92341535 0.86756883 0.83978477 0.37964918 0.66505915
 0.69859338 0.2247903  0.50175427 0.58750955 0.06298338]
2019-11-02 18:30:57,621 - performance_logger - INFO - 49,0.004,0.500,0.500,[0.14954155 0.98356319 0.51050998 0.45564026 0.46750366 0.78882953
 0.67079941 0.92341535 0.86756883 0.83978477 0.37964918 0.66505915
 0.69859338 0.2247903  0.50175427 0.58750955 0.06298338]
2019-11-02 18:30:57,632 - performance_logger - INFO - 50,0.011,0.500,0.500,[0.14954155 0.98356319 0.51050998 0.45564026 0.46750366 0.78882953
 0.67079941 0.92341535 0.86756883 0.83978477 0.37964918 0.66505915
 0.69859338 0.2247903  0.50175427 0.58750955 0.06298338]
2019-11-02 18:30:57,638 - performance_logger - INFO - 51,0.008,0.500,0.500,[0.14954155 0.98356319 0.51050998 0.45564026 0.46750366 0.78882953
 0.67079941 0.92341535 0.86756883 0.83978477 0.37964918 0.66505915
 0.69859338 0.2247903  0.50175427 0.58750955 0.06298338]
2019-11-02 18:30:57,641 - performance_logger - INFO - 52,0.003,0.500,0.500,[0.14954155 0.98356319 0.51050998 0.45564026 0.46750366 0.78882953
 0.67079941 0.92341535 0.86756883 0.83978477 0.37964918 0.66505915
 0.69859338 0.2247903  0.50175427 0.58750955 0.06298338]
2019-11-02 18:30:57,644 - performance_logger - INFO - 53,0.003,0.500,0.500,[0.14954155 0.98356319 0.51050998 0.45564026 0.46750366 0.78882953
 0.67079941 0.92341535 0.86756883 0.83978477 0.37964918 0.66505915
 0.69859338 0.2247903  0.50175427 0.58750955 0.06298338]
2019-11-02 18:30:57,678 - performance_logger - INFO - 54,0.033,0.500,0.500,[0.14954155 0.98356319 0.51050998 0.45564026 0.46750366 0.78882953
 0.67079941 0.92341535 0.86756883 0.83978477 0.37964918 0.66505915
 0.69859338 0.2247903  0.50175427 0.58750955 0.06298338]
2019-11-02 18:30:57,680 - performance_logger - INFO - 55,0.003,0.500,0.500,[0.14954155 0.98356319 0.51050998 0.45564026 0.46750366 0.78882953
 0.67079941 0.92341535 0.86756883 0.83978477 0.37964918 0.66505915
 0.69859338 0.2247903  0.50175427 0.58750955 0.06298338]
2019-11-02 18:30:57,683 - performance_logger - INFO - 56,0.002,0.500,0.500,[0.14954155 0.98356319 0.51050998 0.45564026 0.46750366 0.78882953
 0.67079941 0.92341535 0.86756883 0.83978477 0.37964918 0.66505915
 0.69859338 0.2247903  0.50175427 0.58750955 0.06298338]
2019-11-02 18:30:57,698 - performance_logger - INFO - 57,0.013,0.500,0.500,[0.14954155 0.98356319 0.51050998 0.45564026 0.46750366 0.78882953
 0.67079941 0.92341535 0.86756883 0.83978477 0.37964918 0.66505915
 0.69859338 0.2247903  0.50175427 0.58750955 0.06298338]
2019-11-02 18:30:57,703 - performance_logger - INFO - 58,0.006,0.500,0.500,[0.14954155 0.98356319 0.51050998 0.45564026 0.46750366 0.78882953
 0.67079941 0.92341535 0.86756883 0.83978477 0.37964918 0.66505915
 0.69859338 0.2247903  0.50175427 0.58750955 0.06298338]
2019-11-02 18:30:57,706 - performance_logger - INFO - 59,0.004,0.500,0.500,[0.14954155 0.98356319 0.51050998 0.45564026 0.46750366 0.78882953
 0.67079941 0.92341535 0.86756883 0.83978477 0.37964918 0.66505915
 0.69859338 0.2247903  0.50175427 0.58750955 0.06298338]
2019-11-02 18:30:57,769 - performance_logger - INFO - 60,0.062,0.500,0.500,[0.14954155 0.98356319 0.51050998 0.45564026 0.46750366 0.78882953
 0.67079941 0.92341535 0.86756883 0.83978477 0.37964918 0.66505915
 0.69859338 0.2247903  0.50175427 0.58750955 0.06298338]
2019-11-02 18:31:34,743 - pyswarms.single.global_best - INFO - Optimize for 6900 iters with {'c1': 2.5, 'c2': 2.5, 'w': 0.92}
2019-11-02 18:31:34,752 - tetrisai - INFO - new glob best! 0.50000000
2019-11-02 18:31:34,752 - tetrisai - INFO - [0.80548511 0.87147545 0.34809701 0.98727266 0.87917206 0.00644483
 0.04388168 0.0050822  0.6934438  0.9833915  0.10838899 0.01017513
 0.95069844 0.556443   0.33875021 0.53248113 0.1287094 ]
2019-11-02 18:31:54,492 - pyswarms.single.global_best - INFO - Optimization finished | best cost: -0.5, best pos: [0.20195851 0.5890274  0.35104203 0.07797397 0.48464901 0.358081
 0.85935317 0.48438338 0.26930776 0.23815974 0.40079122 0.61132617
 0.60697682 0.68463716 0.51123745 0.20149454 0.0879422 ]
2019-11-02 18:32:13,676 - pyswarms.single.global_best - INFO - Optimize for 6900 iters with {'c1': 2.5, 'c2': 2.5, 'w': 0.92}
2019-11-02 18:32:13,686 - tetrisai - INFO - new glob best! 0.50000000
2019-11-02 18:32:13,686 - tetrisai - INFO - [0.93238943 0.16101093 0.44063948 0.03364076 0.67763593 0.38365808
 0.00991697 0.4480167  0.00356848 0.66567529 0.85815393 0.73306585
 0.31041696 0.6284483  0.86639827 0.99007738 0.06570568]
2019-11-02 18:32:42,985 - pyswarms.single.global_best - INFO - Optimize for 6900 iters with {'c1': 2.5, 'c2': 2.5, 'w': 0.92}
2019-11-02 18:32:42,993 - tetrisai - INFO - new glob best! 0.50000000
2019-11-02 18:32:42,993 - tetrisai - INFO - [0.74208215 0.7522907  0.24167801 0.42717847 0.0167643  0.31259781
 0.08877491 0.68375289 0.26293183 0.22092574 0.94207693 0.75258109
 0.94737048 0.92500451 0.6326761  0.22535358 0.45948187]
2019-11-02 18:33:18,245 - pyswarms.single.global_best - INFO - Optimize for 6900 iters with {'c1': 2.5, 'c2': 2.5, 'w': 0.92}
2019-11-02 18:33:18,253 - tetrisai - INFO - new glob best! 0.50000000
2019-11-02 18:33:18,253 - tetrisai - INFO - [0.13247505 0.56269444 0.53714994 0.78797331 0.85734612 0.41809662
 0.97276522 0.05504153 0.16147598 0.23195643 0.71151098 0.30231352
 0.4142834  0.29261658 0.27707713 0.71810722 0.23862477]
2019-11-02 18:33:19,438 - pyswarms.single.global_best - INFO - Optimize for 6900 iters with {'c1': 2.5, 'c2': 2.5, 'w': 0.92}
2019-11-02 18:33:19,444 - tetrisai - INFO - new glob best! 0.50000000
2019-11-02 18:33:19,444 - tetrisai - INFO - [0.22679779 0.24161588 0.86989609 0.24422325 0.441895   0.27467564
 0.4435607  0.62193698 0.00457175 0.94210409 0.40417253 0.90101577
 0.2113897  0.66403291 0.40231182 0.97652614 0.13154667]
2019-11-02 18:33:28,963 - pyswarms.single.global_best - INFO - Optimize for 6900 iters with {'c1': 2.5, 'c2': 2.5, 'w': 0.92}
2019-11-02 18:33:28,970 - tetrisai - INFO - new glob best! 0.50000000
2019-11-02 18:33:28,970 - tetrisai - INFO - [0.47161304 0.80630321 0.24847808 0.97611444 0.92440354 0.47825918
 0.84882133 0.00884309 0.32885888 0.08456135 0.86664538 0.01096312
 0.14346597 0.42417172 0.08274046 0.69745956 0.6373807 ]
2019-11-02 18:33:48,908 - pyswarms.single.global_best - INFO - Optimize for 6900 iters with {'c1': 2.5, 'c2': 2.5, 'w': 0.92}
2019-11-02 18:34:06,376 - pyswarms.single.global_best - INFO - Optimize for 6900 iters with {'c1': 2.5, 'c2': 2.5, 'w': 0.92}
2019-11-02 18:34:52,559 - tetrisai - INFO - new glob best! 151631.00000000
2019-11-02 18:34:52,559 - tetrisai - INFO - [0.6256292  0.92727448 0.91098581 0.40639387 0.0733059  0.31065916
 0.45112742 0.65895932 0.45108852 0.36028129 0.98324679 0.36632961
 0.80757957 0.8831287  0.46725576 0.835203   0.24755614]
2019-11-02 18:35:23,168 - tetrisai - INFO - new glob best! 267028.00000000
2019-11-02 18:35:23,169 - tetrisai - INFO - [0.88262213 0.98957417 0.88326121 0.65647931 0.25957732 0.61827002
 0.31518695 0.97536553 0.79553003 0.81393248 0.25905772 0.41777744
 0.34255413 0.09595641 0.08074532 0.45205647 0.27654412]
2019-11-02 18:36:38,064 - tetrisai - INFO - new glob best! 267078.00000000
2019-11-02 18:36:38,066 - tetrisai - INFO - [0.0868973  0.87232584 0.86179781 0.89873659 0.66614768 0.93486975
 0.31041511 0.00926381 0.6843622  0.71990686 0.35028477 0.49338306
 0.75298911 0.86022552 0.72770587 0.68585464 0.09472311]
2019-11-02 18:38:37,431 - tetrisai - INFO - new glob best! 277553.00000000
2019-11-02 18:38:37,433 - tetrisai - INFO - [0.66625786 0.44678236 0.30161593 0.26275453 0.77447325 0.77936583
 0.44130167 0.1261329  0.77692072 0.48669564 0.55628979 0.25572423
 0.86464289 0.16986915 0.81698366 0.11268572 0.55761048]
2019-11-02 18:52:00,728 - tetrisai - INFO - new glob best! 277983.00000000
2019-11-02 18:52:00,732 - tetrisai - INFO - [0.74249867 0.96598845 0.72649443 0.67471363 0.2259966  0.99845824
 0.18728217 0.34682547 0.92473027 0.35465279 0.5727048  0.56763647
 0.08653209 0.31122505 0.70939618 0.42911048 0.31110245]
2019-11-03 00:07:47,141 - pyswarms.single.global_best - INFO - Optimize for 6900 iters with {'c1': 2.5, 'c2': 2.5, 'w': 0.92}
2019-11-03 00:08:43,335 - tetrisai - INFO - new glob best! 241479.00000000
2019-11-03 00:08:43,338 - tetrisai - INFO - [0.67919577 0.03101906 0.00234392 0.2490148  0.72270132 0.51334617
 0.65884277 0.71398282 0.22219499 0.42966945 0.42879444 0.11324765
 0.04459093 0.84498941 0.08125274 0.6757742  0.38122912]
2019-11-03 00:08:51,324 - tetrisai - INFO - new glob best! 243569.00000000
2019-11-03 00:08:51,324 - tetrisai - INFO - [0.51264304 0.7450765  0.12708682 0.88870615 0.77266423 0.34590607
 0.99545511 0.4321013  0.70544501 0.66228727 0.6859375  0.90453993
 0.71690233 0.20608503 0.79583504 0.53495371 0.78199252]
2019-11-03 00:09:28,036 - pyswarms.single.global_best - INFO - Optimize for 6900 iters with {'c1': 2.5, 'c2': 2.5, 'w': 0.92}
2019-11-03 00:09:45,586 - pyswarms.single.global_best - INFO - Optimize for 6900 iters with {'c1': 2.5, 'c2': 2.5, 'w': 0.92}
2019-11-03 00:10:17,095 - tetrisai - INFO - new glob best! 137611.00000000
2019-11-03 00:10:17,096 - tetrisai - INFO - [0.96895185 0.02037375 0.45545355 0.03399072 0.59898138 0.09996931
 0.14068385 0.64071309 0.70576381 0.93513716 0.61434853 0.29358557
 0.28663699 0.44717583 0.63317499 0.3041463  0.71694667]
2019-11-03 00:10:51,100 - tetrisai - INFO - new glob best! 256613.00000000
2019-11-03 00:10:51,104 - tetrisai - INFO - [0.01251985 0.12240171 0.78688899 0.15893032 0.13552208 0.66637048
 0.53516307 0.60652517 0.51588854 0.8543869  0.28864964 0.4519318
 0.40060428 0.24211286 0.0192662  0.61010865 0.69217037]
2019-11-03 00:11:18,175 - pyswarms.single.global_best - INFO - Optimize for 6900 iters with {'c1': 2.5, 'c2': 2.5, 'w': 0.92}
2019-11-03 00:12:04,885 - pyswarms.single.global_best - INFO - Optimize for 6900 iters with {'c1': 2.5, 'c2': 2.5, 'w': 0.92}
2019-11-03 00:13:11,202 - tetrisai - INFO - new glob best! 202529.00000000
2019-11-03 00:13:11,204 - tetrisai - INFO - [0.70787134 0.42657184 0.8333152  0.72203068 0.83978308 0.3222183
 0.05880678 0.12298019 0.54525241 0.49939168 0.96553069 0.39087001
 0.16758338 0.98991268 0.16653435 0.57746091 0.38393416]
2019-11-03 00:13:24,809 - tetrisai - INFO - new glob best! 276199.00000000
2019-11-03 00:13:24,811 - tetrisai - INFO - [0.87170358 0.03431339 0.55471838 0.26755714 0.84077111 0.8625363
 0.80550965 0.40052004 0.79396621 0.99978175 0.55032836 0.66406497
 0.83248036 0.16902544 0.28622211 0.80737679 0.1619212 ]
